# JRE version: 7.0_21-b11
# Java VM: Java HotSpot(TM) 64-Bit Server VM (23.21-b01 mixed mode windows-amd64 compressed oops)
Heap
 PSYoungGen      total 247424K, used 47974K [0x00000000eaab0000, 0x00000000ff7d0000, 0x0000000100000000)
  eden space 151936K, 0% used [0x00000000eaab0000,0x00000000eaab0000,0x00000000f3f10000)
  from space 95488K, 50% used [0x00000000f99c0000,0x00000000fc899888,0x00000000ff700000)
  to   space 92864K, 0% used [0x00000000f3f10000,0x00000000f3f10000,0x00000000f99c0000)
 ParOldGen       total 349568K, used 292188K [0x00000000c0000000, 0x00000000d5560000, 0x00000000eaab0000)
  object space 349568K, 83% used [0x00000000c0000000,0x00000000d1d57048,0x00000000d5560000)
 PSPermGen       total 61760K, used 61710K [0x00000000b0000000, 0x00000000b3c50000, 0x00000000c0000000)
  object space 61760K, 99% used [0x00000000b0000000,0x00000000b3c43b30,0x00000000b3c50000)
GC Heap History (10 events):
Event: 10.187 GC heap after
Heap after GC invocations=10 (full 0):
 PSYoungGen      total 245312K, used 56795K [0x00000000eaab0000, 0x0000000100000000, 0x0000000100000000)
  eden space 139776K, 0% used [0x00000000eaab0000,0x00000000eaab0000,0x00000000f3330000)
  from space 105536K, 53% used [0x00000000f98f0000,0x00000000fd066e18,0x0000000100000000)
  to   space 104192K, 0% used [0x00000000f3330000,0x00000000f3330000,0x00000000f98f0000)
 ParOldGen       total 349568K, used 154362K [0x00000000c0000000, 0x00000000d5560000, 0x00000000eaab0000)
  object space 349568K, 44% used [0x00000000c0000000,0x00000000c96beb28,0x00000000d5560000)
 PSPermGen       total 61760K, used 61650K [0x00000000b0000000, 0x00000000b3c50000, 0x00000000c0000000)
  object space 61760K, 99% used [0x00000000b0000000,0x00000000b3c34b00,0x00000000b3c50000)
}
Event: 10.328 GC heap before
{Heap before GC invocations=11 (full 0):
 PSYoungGen      total 245312K, used 196571K [0x00000000eaab0000, 0x0000000100000000, 0x0000000100000000)
  eden space 139776K, 100% used [0x00000000eaab0000,0x00000000f3330000,0x00000000f3330000)
  from space 105536K, 53% used [0x00000000f98f0000,0x00000000fd066e18,0x0000000100000000)
  to   space 104192K, 0% used [0x00000000f3330000,0x00000000f3330000,0x00000000f98f0000)
 ParOldGen       total 349568K, used 154362K [0x00000000c0000000, 0x00000000d5560000, 0x00000000eaab0000)
  object space 349568K, 44% used [0x00000000c0000000,0x00000000c96beb28,0x00000000d5560000)
 PSPermGen       total 61760K, used 61650K [0x00000000b0000000, 0x00000000b3c50000, 0x00000000c0000000)
  object space 61760K, 99% used [0x00000000b0000000,0x00000000b3c34b00,0x00000000b3c50000)
Event: 10.380 GC heap after
Heap after GC invocations=11 (full 0):
 PSYoungGen      total 165440K, used 25657K [0x00000000eaab0000, 0x00000000ff990000, 0x0000000100000000)
  eden space 139776K, 0% used [0x00000000eaab0000,0x00000000eaab0000,0x00000000f3330000)
  from space 25664K, 99% used [0x00000000f3330000,0x00000000f4c3e520,0x00000000f4c40000)
  to   space 101568K, 0% used [0x00000000f9660000,0x00000000f9660000,0x00000000ff990000)
 ParOldGen       total 349568K, used 212338K [0x00000000c0000000, 0x00000000d5560000, 0x00000000eaab0000)
  object space 349568K, 60% used [0x00000000c0000000,0x00000000ccf5cb28,0x00000000d5560000)
 PSPermGen       total 61760K, used 61650K [0x00000000b0000000, 0x00000000b3c50000, 0x00000000c0000000)
  object space 61760K, 99% used [0x00000000b0000000,0x00000000b3c34b00,0x00000000b3c50000)
}
Event: 10.524 GC heap before
{Heap before GC invocations=12 (full 0):
 PSYoungGen      total 165440K, used 165433K [0x00000000eaab0000, 0x00000000ff990000, 0x0000000100000000)
  eden space 139776K, 100% used [0x00000000eaab0000,0x00000000f3330000,0x00000000f3330000)
  from space 25664K, 99% used [0x00000000f3330000,0x00000000f4c3e520,0x00000000f4c40000)
  to   space 101568K, 0% used [0x00000000f9660000,0x00000000f9660000,0x00000000ff990000)
 ParOldGen       total 349568K, used 212338K [0x00000000c0000000, 0x00000000d5560000, 0x00000000eaab0000)
  object space 349568K, 60% used [0x00000000c0000000,0x00000000ccf5cb28,0x00000000d5560000)
 PSPermGen       total 61760K, used 61650K [0x00000000b0000000, 0x00000000b3c50000, 0x00000000c0000000)
  object space 61760K, 99% used [0x00000000b0000000,0x00000000b3c34b00,0x00000000b3c50000)
Event: 10.554 GC heap after
Heap after GC invocations=12 (full 0):
 PSYoungGen      total 244288K, used 26048K [0x00000000eaab0000, 0x0000000100000000, 0x0000000100000000)
  eden space 142720K, 0% used [0x00000000eaab0000,0x00000000eaab0000,0x00000000f3610000)
  from space 101568K, 25% used [0x00000000f9660000,0x00000000fafd0000,0x00000000ff990000)
  to   space 98624K, 0% used [0x00000000f3610000,0x00000000f3610000,0x00000000f9660000)
 ParOldGen       total 349568K, used 238492K [0x00000000c0000000, 0x00000000d5560000, 0x00000000eaab0000)
  object space 349568K, 68% used [0x00000000c0000000,0x00000000ce8e7048,0x00000000d5560000)
 PSPermGen       total 61760K, used 61650K [0x00000000b0000000, 0x00000000b3c50000, 0x00000000c0000000)
  object space 61760K, 99% used [0x00000000b0000000,0x00000000b3c34b00,0x00000000b3c50000)
}
Event: 10.703 GC heap before
{Heap before GC invocations=13 (full 0):
 PSYoungGen      total 244288K, used 168768K [0x00000000eaab0000, 0x0000000100000000, 0x0000000100000000)
  eden space 142720K, 100% used [0x00000000eaab0000,0x00000000f3610000,0x00000000f3610000)
  from space 101568K, 25% used [0x00000000f9660000,0x00000000fafd0000,0x00000000ff990000)
  to   space 98624K, 0% used [0x00000000f3610000,0x00000000f3610000,0x00000000f9660000)
 ParOldGen       total 349568K, used 238492K [0x00000000c0000000, 0x00000000d5560000, 0x00000000eaab0000)
  object space 349568K, 68% used [0x00000000c0000000,0x00000000ce8e7048,0x00000000d5560000)
 PSPermGen       total 61760K, used 61652K [0x00000000b0000000, 0x00000000b3c50000, 0x00000000c0000000)
  object space 61760K, 99% used [0x00000000b0000000,0x00000000b3c350e0,0x00000000b3c50000)
Event: 10.737 GC heap after
Heap after GC invocations=13 (full 0):
 PSYoungGen      total 241344K, used 26528K [0x00000000eaab0000, 0x00000000ff700000, 0x0000000100000000)
  eden space 142720K, 0% used [0x00000000eaab0000,0x00000000eaab0000,0x00000000f3610000)
  from space 98624K, 26% used [0x00000000f3610000,0x00000000f4ff8000,0x00000000f9660000)
  to   space 95488K, 0% used [0x00000000f99c0000,0x00000000f99c0000,0x00000000ff700000)
 ParOldGen       total 349568K, used 265092K [0x00000000c0000000, 0x00000000d5560000, 0x00000000eaab0000)
  object space 349568K, 75% used [0x00000000c0000000,0x00000000d02e1048,0x00000000d5560000)
 PSPermGen       total 61760K, used 61652K [0x00000000b0000000, 0x00000000b3c50000, 0x00000000c0000000)
  object space 61760K, 99% used [0x00000000b0000000,0x00000000b3c350e0,0x00000000b3c50000)
}
Event: 11.415 GC heap before
{Heap before GC invocations=14 (full 0):
 PSYoungGen      total 241344K, used 169248K [0x00000000eaab0000, 0x00000000ff700000, 0x0000000100000000)
  eden space 142720K, 100% used [0x00000000eaab0000,0x00000000f3610000,0x00000000f3610000)
  from space 98624K, 26% used [0x00000000f3610000,0x00000000f4ff8000,0x00000000f9660000)
  to   space 95488K, 0% used [0x00000000f99c0000,0x00000000f99c0000,0x00000000ff700000)
 ParOldGen       total 349568K, used 265092K [0x00000000c0000000, 0x00000000d5560000, 0x00000000eaab0000)
  object space 349568K, 75% used [0x00000000c0000000,0x00000000d02e1048,0x00000000d5560000)
 PSPermGen       total 61760K, used 61710K [0x00000000b0000000, 0x00000000b3c50000, 0x00000000c0000000)
  object space 61760K, 99% used [0x00000000b0000000,0x00000000b3c43b30,0x00000000b3c50000)
Event: 11.494 GC heap after
Heap after GC invocations=14 (full 0):
 PSYoungGen      total 247424K, used 47974K [0x00000000eaab0000, 0x00000000ff7d0000, 0x0000000100000000)
  eden space 151936K, 0% used [0x00000000eaab0000,0x00000000eaab0000,0x00000000f3f10000)
  from space 95488K, 50% used [0x00000000f99c0000,0x00000000fc899888,0x00000000ff700000)
  to   space 92864K, 0% used [0x00000000f3f10000,0x00000000f3f10000,0x00000000f99c0000)
 ParOldGen       total 349568K, used 292188K [0x00000000c0000000, 0x00000000d5560000, 0x00000000eaab0000)
  object space 349568K, 83% used [0x00000000c0000000,0x00000000d1d57048,0x00000000d5560000)
 PSPermGen       total 61760K, used 61710K [0x00000000b0000000, 0x00000000b3c50000, 0x00000000c0000000)
  object space 61760K, 99% used [0x00000000b0000000,0x00000000b3c43b30,0x00000000b3c50000)
}
Event: 11.494 GC heap before
{Heap before GC invocations=15 (full 1):
 PSYoungGen      total 247424K, used 47974K [0x00000000eaab0000, 0x00000000ff7d0000, 0x0000000100000000)
  eden space 151936K, 0% used [0x00000000eaab0000,0x00000000eaab0000,0x00000000f3f10000)
  from space 95488K, 50% used [0x00000000f99c0000,0x00000000fc899888,0x00000000ff700000)
  to   space 92864K, 0% used [0x00000000f3f10000,0x00000000f3f10000,0x00000000f99c0000)
 ParOldGen       total 349568K, used 292188K [0x00000000c0000000, 0x00000000d5560000, 0x00000000eaab0000)
  object space 349568K, 83% used [0x00000000c0000000,0x00000000d1d57048,0x00000000d5560000)
 PSPermGen       total 61760K, used 61710K [0x00000000b0000000, 0x00000000b3c50000, 0x00000000c0000000)
  object space 61760K, 99% used [0x00000000b0000000,0x00000000b3c43b30,0x00000000b3c50000)

