# JRE version: 7.0_21-b11
# Java VM: Java HotSpot(TM) 64-Bit Server VM (23.21-b01 mixed mode windows-amd64 compressed oops)
Heap
 PSYoungGen      total 288576K, used 1291K [0x00000000eaab0000, 0x0000000100000000, 0x0000000100000000)
  eden space 227072K, 0% used [0x00000000eaab0000,0x00000000eaab0000,0x00000000f8870000)
  from space 61504K, 2% used [0x00000000fc3f0000,0x00000000fc532c28,0x0000000100000000)
  to   space 60928K, 0% used [0x00000000f8870000,0x00000000f8870000,0x00000000fc3f0000)
 ParOldGen       total 644864K, used 88151K [0x00000000c0000000, 0x00000000e75c0000, 0x00000000eaab0000)
  object space 644864K, 13% used [0x00000000c0000000,0x00000000c5615d68,0x00000000e75c0000)
 PSPermGen       total 262144K, used 262143K [0x00000000b0000000, 0x00000000c0000000, 0x00000000c0000000)
  object space 262144K, 99% used [0x00000000b0000000,0x00000000bffffd18,0x00000000c0000000)
GC Heap History (10 events):
Event: 507.689 GC heap after
Heap after GC invocations=39 (full 3):
 PSYoungGen      total 287232K, used 0K [0x00000000eaab0000, 0x0000000100000000, 0x0000000100000000)
  eden space 227264K, 0% used [0x00000000eaab0000,0x00000000eaab0000,0x00000000f88a0000)
  from space 59968K, 0% used [0x00000000fc570000,0x00000000fc570000,0x0000000100000000)
  to   space 61120K, 0% used [0x00000000f88a0000,0x00000000f88a0000,0x00000000fc450000)
 ParOldGen       total 378688K, used 94061K [0x00000000c0000000, 0x00000000d71d0000, 0x00000000eaab0000)
  object space 378688K, 24% used [0x00000000c0000000,0x00000000c5bdb610,0x00000000d71d0000)
 PSPermGen       total 262144K, used 262143K [0x00000000b0000000, 0x00000000c0000000, 0x00000000c0000000)
  object space 262144K, 99% used [0x00000000b0000000,0x00000000bfffffd8,0x00000000c0000000)
}
Event: 507.689 GC heap before
{Heap before GC invocations=40 (full 4):
 PSYoungGen      total 287232K, used 0K [0x00000000eaab0000, 0x0000000100000000, 0x0000000100000000)
  eden space 227264K, 0% used [0x00000000eaab0000,0x00000000eaab0000,0x00000000f88a0000)
  from space 59968K, 0% used [0x00000000fc570000,0x00000000fc570000,0x0000000100000000)
  to   space 61120K, 0% used [0x00000000f88a0000,0x00000000f88a0000,0x00000000fc450000)
 ParOldGen       total 378688K, used 94061K [0x00000000c0000000, 0x00000000d71d0000, 0x00000000eaab0000)
  object space 378688K, 24% used [0x00000000c0000000,0x00000000c5bdb610,0x00000000d71d0000)
 PSPermGen       total 262144K, used 262143K [0x00000000b0000000, 0x00000000c0000000, 0x00000000c0000000)
  object space 262144K, 99% used [0x00000000b0000000,0x00000000bfffffd8,0x00000000c0000000)
Event: 507.943 GC heap after
Heap after GC invocations=40 (full 4):
 PSYoungGen      total 287232K, used 0K [0x00000000eaab0000, 0x0000000100000000, 0x0000000100000000)
  eden space 227264K, 0% used [0x00000000eaab0000,0x00000000eaab0000,0x00000000f88a0000)
  from space 59968K, 0% used [0x00000000fc570000,0x00000000fc570000,0x0000000100000000)
  to   space 61120K, 0% used [0x00000000f88a0000,0x00000000f88a0000,0x00000000fc450000)
 ParOldGen       total 510336K, used 94008K [0x00000000c0000000, 0x00000000df260000, 0x00000000eaab0000)
  object space 510336K, 18% used [0x00000000c0000000,0x00000000c5bce208,0x00000000df260000)
 PSPermGen       total 262144K, used 262143K [0x00000000b0000000, 0x00000000c0000000, 0x00000000c0000000)
  object space 262144K, 99% used [0x00000000b0000000,0x00000000bfffffd8,0x00000000c0000000)
}
Event: 507.943 GC heap before
{Heap before GC invocations=41 (full 4):
 PSYoungGen      total 287232K, used 0K [0x00000000eaab0000, 0x0000000100000000, 0x0000000100000000)
  eden space 227264K, 0% used [0x00000000eaab0000,0x00000000eaab0000,0x00000000f88a0000)
  from space 59968K, 0% used [0x00000000fc570000,0x00000000fc570000,0x0000000100000000)
  to   space 61120K, 0% used [0x00000000f88a0000,0x00000000f88a0000,0x00000000fc450000)
 ParOldGen       total 510336K, used 94008K [0x00000000c0000000, 0x00000000df260000, 0x00000000eaab0000)
  object space 510336K, 18% used [0x00000000c0000000,0x00000000c5bce208,0x00000000df260000)
 PSPermGen       total 262144K, used 262143K [0x00000000b0000000, 0x00000000c0000000, 0x00000000c0000000)
  object space 262144K, 99% used [0x00000000b0000000,0x00000000bfffffd8,0x00000000c0000000)
Event: 507.947 GC heap after
Heap after GC invocations=41 (full 4):
 PSYoungGen      total 227328K, used 0K [0x00000000eaab0000, 0x0000000100000000, 0x0000000100000000)
  eden space 227264K, 0% used [0x00000000eaab0000,0x00000000eaab0000,0x00000000f88a0000)
  from space 64K, 0% used [0x00000000f88a0000,0x00000000f88a0000,0x00000000f88b0000)
  to   space 61504K, 0% used [0x00000000fc3f0000,0x00000000fc3f0000,0x0000000100000000)
 ParOldGen       total 510336K, used 94008K [0x00000000c0000000, 0x00000000df260000, 0x00000000eaab0000)
  object space 510336K, 18% used [0x00000000c0000000,0x00000000c5bce208,0x00000000df260000)
 PSPermGen       total 262144K, used 262143K [0x00000000b0000000, 0x00000000c0000000, 0x00000000c0000000)
  object space 262144K, 99% used [0x00000000b0000000,0x00000000bfffffd8,0x00000000c0000000)
}
Event: 507.947 GC heap before
{Heap before GC invocations=42 (full 5):
 PSYoungGen      total 227328K, used 0K [0x00000000eaab0000, 0x0000000100000000, 0x0000000100000000)
  eden space 227264K, 0% used [0x00000000eaab0000,0x00000000eaab0000,0x00000000f88a0000)
  from space 64K, 0% used [0x00000000f88a0000,0x00000000f88a0000,0x00000000f88b0000)
  to   space 61504K, 0% used [0x00000000fc3f0000,0x00000000fc3f0000,0x0000000100000000)
 ParOldGen       total 510336K, used 94008K [0x00000000c0000000, 0x00000000df260000, 0x00000000eaab0000)
  object space 510336K, 18% used [0x00000000c0000000,0x00000000c5bce208,0x00000000df260000)
 PSPermGen       total 262144K, used 262143K [0x00000000b0000000, 0x00000000c0000000, 0x00000000c0000000)
  object space 262144K, 99% used [0x00000000b0000000,0x00000000bfffffd8,0x00000000c0000000)
Event: 508.368 GC heap after
Heap after GC invocations=42 (full 5):
 PSYoungGen      total 227328K, used 0K [0x00000000eaab0000, 0x0000000100000000, 0x0000000100000000)
  eden space 227264K, 0% used [0x00000000eaab0000,0x00000000eaab0000,0x00000000f88a0000)
  from space 64K, 0% used [0x00000000f88a0000,0x00000000f88a0000,0x00000000f88b0000)
  to   space 61504K, 0% used [0x00000000fc3f0000,0x00000000fc3f0000,0x0000000100000000)
 ParOldGen       total 644864K, used 88151K [0x00000000c0000000, 0x00000000e75c0000, 0x00000000eaab0000)
  object space 644864K, 13% used [0x00000000c0000000,0x00000000c5615d68,0x00000000e75c0000)
 PSPermGen       total 262144K, used 260793K [0x00000000b0000000, 0x00000000c0000000, 0x00000000c0000000)
  object space 262144K, 99% used [0x00000000b0000000,0x00000000bfeae580,0x00000000c0000000)
}
Event: 508.422 GC heap before
{Heap before GC invocations=43 (full 5):
 PSYoungGen      total 227328K, used 7794K [0x00000000eaab0000, 0x0000000100000000, 0x0000000100000000)
  eden space 227264K, 3% used [0x00000000eaab0000,0x00000000eb24c990,0x00000000f88a0000)
  from space 64K, 0% used [0x00000000f88a0000,0x00000000f88a0000,0x00000000f88b0000)
  to   space 61504K, 0% used [0x00000000fc3f0000,0x00000000fc3f0000,0x0000000100000000)
 ParOldGen       total 644864K, used 88151K [0x00000000c0000000, 0x00000000e75c0000, 0x00000000eaab0000)
  object space 644864K, 13% used [0x00000000c0000000,0x00000000c5615d68,0x00000000e75c0000)
 PSPermGen       total 262144K, used 262143K [0x00000000b0000000, 0x00000000c0000000, 0x00000000c0000000)
  object space 262144K, 99% used [0x00000000b0000000,0x00000000bffffd18,0x00000000c0000000)
Event: 508.427 GC heap after
Heap after GC invocations=43 (full 5):
 PSYoungGen      total 288576K, used 1291K [0x00000000eaab0000, 0x0000000100000000, 0x0000000100000000)
  eden space 227072K, 0% used [0x00000000eaab0000,0x00000000eaab0000,0x00000000f8870000)
  from space 61504K, 2% used [0x00000000fc3f0000,0x00000000fc532c28,0x0000000100000000)
  to   space 60928K, 0% used [0x00000000f8870000,0x00000000f8870000,0x00000000fc3f0000)
 ParOldGen       total 644864K, used 88151K [0x00000000c0000000, 0x00000000e75c0000, 0x00000000eaab0000)
  object space 644864K, 13% used [0x00000000c0000000,0x00000000c5615d68,0x00000000e75c0000)
 PSPermGen       total 262144K, used 262143K [0x00000000b0000000, 0x00000000c0000000, 0x00000000c0000000)
  object space 262144K, 99% used [0x00000000b0000000,0x00000000bffffd18,0x00000000c0000000)
}
Event: 508.427 GC heap before
{Heap before GC invocations=44 (full 6):
 PSYoungGen      total 288576K, used 1291K [0x00000000eaab0000, 0x0000000100000000, 0x0000000100000000)
  eden space 227072K, 0% used [0x00000000eaab0000,0x00000000eaab0000,0x00000000f8870000)
  from space 61504K, 2% used [0x00000000fc3f0000,0x00000000fc532c28,0x0000000100000000)
  to   space 60928K, 0% used [0x00000000f8870000,0x00000000f8870000,0x00000000fc3f0000)
 ParOldGen       total 644864K, used 88151K [0x00000000c0000000, 0x00000000e75c0000, 0x00000000eaab0000)
  object space 644864K, 13% used [0x00000000c0000000,0x00000000c5615d68,0x00000000e75c0000)
 PSPermGen       total 262144K, used 262143K [0x00000000b0000000, 0x00000000c0000000, 0x00000000c0000000)
  object space 262144K, 99% used [0x00000000b0000000,0x00000000bffffd18,0x00000000c0000000)

