# JRE version: 7.0_21-b11
# Java VM: Java HotSpot(TM) 64-Bit Server VM (23.21-b01 mixed mode windows-amd64 compressed oops)
Heap
 PSYoungGen      total 233024K, used 173703K [0x00000000eaab0000, 0x0000000100000000, 0x0000000100000000)
  eden space 116544K, 100% used [0x00000000eaab0000,0x00000000f1c80000,0x00000000f1c80000)
  from space 116480K, 49% used [0x00000000f1c80000,0x00000000f5451f68,0x00000000f8e40000)
  to   space 116480K, 5% used [0x00000000f8e40000,0x00000000f9440070,0x0000000100000000)
 ParOldGen       total 533696K, used 263358K [0x00000000c0000000, 0x00000000e0930000, 0x00000000eaab0000)
  object space 533696K, 49% used [0x00000000c0000000,0x00000000d012f9d8,0x00000000e0930000)
 PSPermGen       total 197632K, used 129194K [0x00000000b0000000, 0x00000000bc100000, 0x00000000c0000000)
  object space 197632K, 65% used [0x00000000b0000000,0x00000000b7e2a990,0x00000000bc100000)
GC Heap History (10 events):
Event: 768.458 GC heap after
Heap after GC invocations=31 (full 2):
 PSYoungGen      total 233024K, used 47193K [0x00000000eaab0000, 0x0000000100000000, 0x0000000100000000)
  eden space 116544K, 0% used [0x00000000eaab0000,0x00000000eaab0000,0x00000000f1c80000)
  from space 116480K, 40% used [0x00000000f1c80000,0x00000000f4a96458,0x00000000f8e40000)
  to   space 116480K, 0% used [0x00000000f8e40000,0x00000000f8e40000,0x0000000100000000)
 ParOldGen       total 533696K, used 158866K [0x00000000c0000000, 0x00000000e0930000, 0x00000000eaab0000)
  object space 533696K, 29% used [0x00000000c0000000,0x00000000c9b24830,0x00000000e0930000)
 PSPermGen       total 197632K, used 127397K [0x00000000b0000000, 0x00000000bc100000, 0x00000000c0000000)
  object space 197632K, 64% used [0x00000000b0000000,0x00000000b7c69618,0x00000000bc100000)
}
Event: 778.756 GC heap before
{Heap before GC invocations=32 (full 2):
 PSYoungGen      total 233024K, used 163737K [0x00000000eaab0000, 0x0000000100000000, 0x0000000100000000)
  eden space 116544K, 100% used [0x00000000eaab0000,0x00000000f1c80000,0x00000000f1c80000)
  from space 116480K, 40% used [0x00000000f1c80000,0x00000000f4a96458,0x00000000f8e40000)
  to   space 116480K, 0% used [0x00000000f8e40000,0x00000000f8e40000,0x0000000100000000)
 ParOldGen       total 533696K, used 158866K [0x00000000c0000000, 0x00000000e0930000, 0x00000000eaab0000)
  object space 533696K, 29% used [0x00000000c0000000,0x00000000c9b24830,0x00000000e0930000)
 PSPermGen       total 197632K, used 128024K [0x00000000b0000000, 0x00000000bc100000, 0x00000000c0000000)
  object space 197632K, 64% used [0x00000000b0000000,0x00000000b7d062e8,0x00000000bc100000)
Event: 778.790 GC heap after
Heap after GC invocations=32 (full 2):
 PSYoungGen      total 233024K, used 5963K [0x00000000eaab0000, 0x0000000100000000, 0x0000000100000000)
  eden space 116544K, 0% used [0x00000000eaab0000,0x00000000eaab0000,0x00000000f1c80000)
  from space 116480K, 5% used [0x00000000f8e40000,0x00000000f9412ce8,0x0000000100000000)
  to   space 116480K, 0% used [0x00000000f1c80000,0x00000000f1c80000,0x00000000f8e40000)
 ParOldGen       total 533696K, used 203056K [0x00000000c0000000, 0x00000000e0930000, 0x00000000eaab0000)
  object space 533696K, 38% used [0x00000000c0000000,0x00000000cc64c250,0x00000000e0930000)
 PSPermGen       total 197632K, used 128024K [0x00000000b0000000, 0x00000000bc100000, 0x00000000c0000000)
  object space 197632K, 64% used [0x00000000b0000000,0x00000000b7d062e8,0x00000000bc100000)
}
Event: 785.112 GC heap before
{Heap before GC invocations=33 (full 2):
 PSYoungGen      total 233024K, used 122507K [0x00000000eaab0000, 0x0000000100000000, 0x0000000100000000)
  eden space 116544K, 100% used [0x00000000eaab0000,0x00000000f1c80000,0x00000000f1c80000)
  from space 116480K, 5% used [0x00000000f8e40000,0x00000000f9412ce8,0x0000000100000000)
  to   space 116480K, 0% used [0x00000000f1c80000,0x00000000f1c80000,0x00000000f8e40000)
 ParOldGen       total 533696K, used 203056K [0x00000000c0000000, 0x00000000e0930000, 0x00000000eaab0000)
  object space 533696K, 38% used [0x00000000c0000000,0x00000000cc64c250,0x00000000e0930000)
 PSPermGen       total 197632K, used 128038K [0x00000000b0000000, 0x00000000bc100000, 0x00000000c0000000)
  object space 197632K, 64% used [0x00000000b0000000,0x00000000b7d09b28,0x00000000bc100000)
Event: 785.129 GC heap after
Heap after GC invocations=33 (full 2):
 PSYoungGen      total 233024K, used 4758K [0x00000000eaab0000, 0x0000000100000000, 0x0000000100000000)
  eden space 116544K, 0% used [0x00000000eaab0000,0x00000000eaab0000,0x00000000f1c80000)
  from space 116480K, 4% used [0x00000000f1c80000,0x00000000f2125840,0x00000000f8e40000)
  to   space 116480K, 0% used [0x00000000f8e40000,0x00000000f8e40000,0x0000000100000000)
 ParOldGen       total 533696K, used 206559K [0x00000000c0000000, 0x00000000e0930000, 0x00000000eaab0000)
  object space 533696K, 38% used [0x00000000c0000000,0x00000000cc9b7c78,0x00000000e0930000)
 PSPermGen       total 197632K, used 128038K [0x00000000b0000000, 0x00000000bc100000, 0x00000000c0000000)
  object space 197632K, 64% used [0x00000000b0000000,0x00000000b7d09b28,0x00000000bc100000)
}
Event: 809.730 GC heap before
{Heap before GC invocations=34 (full 2):
 PSYoungGen      total 233024K, used 121302K [0x00000000eaab0000, 0x0000000100000000, 0x0000000100000000)
  eden space 116544K, 100% used [0x00000000eaab0000,0x00000000f1c80000,0x00000000f1c80000)
  from space 116480K, 4% used [0x00000000f1c80000,0x00000000f2125840,0x00000000f8e40000)
  to   space 116480K, 0% used [0x00000000f8e40000,0x00000000f8e40000,0x0000000100000000)
 ParOldGen       total 533696K, used 206559K [0x00000000c0000000, 0x00000000e0930000, 0x00000000eaab0000)
  object space 533696K, 38% used [0x00000000c0000000,0x00000000cc9b7c78,0x00000000e0930000)
 PSPermGen       total 197632K, used 128070K [0x00000000b0000000, 0x00000000bc100000, 0x00000000c0000000)
  object space 197632K, 64% used [0x00000000b0000000,0x00000000b7d11838,0x00000000bc100000)
Event: 809.740 GC heap after
Heap after GC invocations=34 (full 2):
 PSYoungGen      total 233024K, used 3458K [0x00000000eaab0000, 0x0000000100000000, 0x0000000100000000)
  eden space 116544K, 0% used [0x00000000eaab0000,0x00000000eaab0000,0x00000000f1c80000)
  from space 116480K, 2% used [0x00000000f8e40000,0x00000000f91a0b00,0x0000000100000000)
  to   space 116480K, 0% used [0x00000000f1c80000,0x00000000f1c80000,0x00000000f8e40000)
 ParOldGen       total 533696K, used 207224K [0x00000000c0000000, 0x00000000e0930000, 0x00000000eaab0000)
  object space 533696K, 38% used [0x00000000c0000000,0x00000000cca5e0d8,0x00000000e0930000)
 PSPermGen       total 197632K, used 128070K [0x00000000b0000000, 0x00000000bc100000, 0x00000000c0000000)
  object space 197632K, 64% used [0x00000000b0000000,0x00000000b7d11838,0x00000000bc100000)
}
Event: 810.517 GC heap before
{Heap before GC invocations=35 (full 2):
 PSYoungGen      total 233024K, used 120002K [0x00000000eaab0000, 0x0000000100000000, 0x0000000100000000)
  eden space 116544K, 100% used [0x00000000eaab0000,0x00000000f1c80000,0x00000000f1c80000)
  from space 116480K, 2% used [0x00000000f8e40000,0x00000000f91a0b00,0x0000000100000000)
  to   space 116480K, 0% used [0x00000000f1c80000,0x00000000f1c80000,0x00000000f8e40000)
 ParOldGen       total 533696K, used 207224K [0x00000000c0000000, 0x00000000e0930000, 0x00000000eaab0000)
  object space 533696K, 38% used [0x00000000c0000000,0x00000000cca5e0d8,0x00000000e0930000)
 PSPermGen       total 197632K, used 128402K [0x00000000b0000000, 0x00000000bc100000, 0x00000000c0000000)
  object space 197632K, 64% used [0x00000000b0000000,0x00000000b7d64ba0,0x00000000bc100000)
Event: 810.547 GC heap after
Heap after GC invocations=35 (full 2):
 PSYoungGen      total 233024K, used 57159K [0x00000000eaab0000, 0x0000000100000000, 0x0000000100000000)
  eden space 116544K, 0% used [0x00000000eaab0000,0x00000000eaab0000,0x00000000f1c80000)
  from space 116480K, 49% used [0x00000000f1c80000,0x00000000f5451f68,0x00000000f8e40000)
  to   space 116480K, 0% used [0x00000000f8e40000,0x00000000f8e40000,0x0000000100000000)
 ParOldGen       total 533696K, used 207977K [0x00000000c0000000, 0x00000000e0930000, 0x00000000eaab0000)
  object space 533696K, 38% used [0x00000000c0000000,0x00000000ccb1a4e0,0x00000000e0930000)
 PSPermGen       total 197632K, used 128402K [0x00000000b0000000, 0x00000000bc100000, 0x00000000c0000000)
  object space 197632K, 64% used [0x00000000b0000000,0x00000000b7d64ba0,0x00000000bc100000)
}
Event: 814.619 GC heap before
{Heap before GC invocations=36 (full 2):
 PSYoungGen      total 233024K, used 173703K [0x00000000eaab0000, 0x0000000100000000, 0x0000000100000000)
  eden space 116544K, 100% used [0x00000000eaab0000,0x00000000f1c80000,0x00000000f1c80000)
  from space 116480K, 49% used [0x00000000f1c80000,0x00000000f5451f68,0x00000000f8e40000)
  to   space 116480K, 0% used [0x00000000f8e40000,0x00000000f8e40000,0x0000000100000000)
 ParOldGen       total 533696K, used 207977K [0x00000000c0000000, 0x00000000e0930000, 0x00000000eaab0000)
  object space 533696K, 38% used [0x00000000c0000000,0x00000000ccb1a4e0,0x00000000e0930000)
 PSPermGen       total 197632K, used 129194K [0x00000000b0000000, 0x00000000bc100000, 0x00000000c0000000)
  object space 197632K, 65% used [0x00000000b0000000,0x00000000b7e2a990,0x00000000bc100000)

