# JRE version: 7.0_21-b11
# Java VM: Java HotSpot(TM) 64-Bit Server VM (23.21-b01 mixed mode windows-amd64 compressed oops)
Heap
 PSYoungGen      total 266688K, used 34489K [0x00000000eaab0000, 0x00000000ff580000, 0x0000000100000000)
  eden space 201920K, 0% used [0x00000000eaab0000,0x00000000eaab0000,0x00000000f6fe0000)
  from space 64768K, 53% used [0x00000000fb640000,0x00000000fd7ee520,0x00000000ff580000)
  to   space 68416K, 0% used [0x00000000f6fe0000,0x00000000f6fe0000,0x00000000fb2b0000)
 ParOldGen       total 349568K, used 305339K [0x00000000c0000000, 0x00000000d5560000, 0x00000000eaab0000)
  object space 349568K, 87% used [0x00000000c0000000,0x00000000d2a2ed40,0x00000000d5560000)
 PSPermGen       total 197056K, used 113276K [0x00000000b0000000, 0x00000000bc070000, 0x00000000c0000000)
  object space 197056K, 57% used [0x00000000b0000000,0x00000000b6e9f020,0x00000000bc070000)
GC Heap History (10 events):
Event: 85.010 GC heap after
Heap after GC invocations=21 (full 1):
 PSYoungGen      total 247040K, used 27222K [0x00000000eaab0000, 0x00000000ff330000, 0x0000000100000000)
  eden space 167168K, 0% used [0x00000000eaab0000,0x00000000eaab0000,0x00000000f4df0000)
  from space 79872K, 34% used [0x00000000fa530000,0x00000000fbfc5ba8,0x00000000ff330000)
  to   space 84608K, 0% used [0x00000000f4df0000,0x00000000f4df0000,0x00000000fa090000)
 ParOldGen       total 349568K, used 179239K [0x00000000c0000000, 0x00000000d5560000, 0x00000000eaab0000)
  object space 349568K, 51% used [0x00000000c0000000,0x00000000caf09f28,0x00000000d5560000)
 PSPermGen       total 197056K, used 113275K [0x00000000b0000000, 0x00000000bc070000, 0x00000000c0000000)
  object space 197056K, 57% used [0x00000000b0000000,0x00000000b6e9ee38,0x00000000bc070000)
}
Event: 85.210 GC heap before
{Heap before GC invocations=22 (full 1):
 PSYoungGen      total 247040K, used 194390K [0x00000000eaab0000, 0x00000000ff330000, 0x0000000100000000)
  eden space 167168K, 100% used [0x00000000eaab0000,0x00000000f4df0000,0x00000000f4df0000)
  from space 79872K, 34% used [0x00000000fa530000,0x00000000fbfc5ba8,0x00000000ff330000)
  to   space 84608K, 0% used [0x00000000f4df0000,0x00000000f4df0000,0x00000000fa090000)
 ParOldGen       total 349568K, used 179239K [0x00000000c0000000, 0x00000000d5560000, 0x00000000eaab0000)
  object space 349568K, 51% used [0x00000000c0000000,0x00000000caf09f28,0x00000000d5560000)
 PSPermGen       total 197056K, used 113275K [0x00000000b0000000, 0x00000000bc070000, 0x00000000c0000000)
  object space 197056K, 57% used [0x00000000b0000000,0x00000000b6e9ee78,0x00000000bc070000)
Event: 85.248 GC heap after
Heap after GC invocations=22 (full 1):
 PSYoungGen      total 251776K, used 31250K [0x00000000eaab0000, 0x00000000ffb80000, 0x0000000100000000)
  eden space 167168K, 0% used [0x00000000eaab0000,0x00000000eaab0000,0x00000000f4df0000)
  from space 84608K, 36% used [0x00000000f4df0000,0x00000000f6c74970,0x00000000fa090000)
  to   space 79936K, 0% used [0x00000000fad70000,0x00000000fad70000,0x00000000ffb80000)
 ParOldGen       total 349568K, used 207079K [0x00000000c0000000, 0x00000000d5560000, 0x00000000eaab0000)
  object space 349568K, 59% used [0x00000000c0000000,0x00000000cca39f28,0x00000000d5560000)
 PSPermGen       total 197056K, used 113275K [0x00000000b0000000, 0x00000000bc070000, 0x00000000c0000000)
  object space 197056K, 57% used [0x00000000b0000000,0x00000000b6e9ee78,0x00000000bc070000)
}
Event: 85.430 GC heap before
{Heap before GC invocations=23 (full 1):
 PSYoungGen      total 251776K, used 198418K [0x00000000eaab0000, 0x00000000ffb80000, 0x0000000100000000)
  eden space 167168K, 100% used [0x00000000eaab0000,0x00000000f4df0000,0x00000000f4df0000)
  from space 84608K, 36% used [0x00000000f4df0000,0x00000000f6c74970,0x00000000fa090000)
  to   space 79936K, 0% used [0x00000000fad70000,0x00000000fad70000,0x00000000ffb80000)
 ParOldGen       total 349568K, used 207079K [0x00000000c0000000, 0x00000000d5560000, 0x00000000eaab0000)
  object space 349568K, 59% used [0x00000000c0000000,0x00000000cca39f28,0x00000000d5560000)
 PSPermGen       total 197056K, used 113275K [0x00000000b0000000, 0x00000000bc070000, 0x00000000c0000000)
  object space 197056K, 57% used [0x00000000b0000000,0x00000000b6e9ee78,0x00000000bc070000)
Event: 85.465 GC heap after
Heap after GC invocations=23 (full 1):
 PSYoungGen      total 256512K, used 30843K [0x00000000eaab0000, 0x00000000ff350000, 0x0000000100000000)
  eden space 184960K, 0% used [0x00000000eaab0000,0x00000000eaab0000,0x00000000f5f50000)
  from space 71552K, 43% used [0x00000000fad70000,0x00000000fcb8ee18,0x00000000ff350000)
  to   space 75776K, 0% used [0x00000000f5f50000,0x00000000f5f50000,0x00000000fa950000)
 ParOldGen       total 349568K, used 238983K [0x00000000c0000000, 0x00000000d5560000, 0x00000000eaab0000)
  object space 349568K, 68% used [0x00000000c0000000,0x00000000ce961f28,0x00000000d5560000)
 PSPermGen       total 197056K, used 113275K [0x00000000b0000000, 0x00000000bc070000, 0x00000000c0000000)
  object space 197056K, 57% used [0x00000000b0000000,0x00000000b6e9ee78,0x00000000bc070000)
}
Event: 85.662 GC heap before
{Heap before GC invocations=24 (full 1):
 PSYoungGen      total 256512K, used 215803K [0x00000000eaab0000, 0x00000000ff350000, 0x0000000100000000)
  eden space 184960K, 100% used [0x00000000eaab0000,0x00000000f5f50000,0x00000000f5f50000)
  from space 71552K, 43% used [0x00000000fad70000,0x00000000fcb8ee18,0x00000000ff350000)
  to   space 75776K, 0% used [0x00000000f5f50000,0x00000000f5f50000,0x00000000fa950000)
 ParOldGen       total 349568K, used 238983K [0x00000000c0000000, 0x00000000d5560000, 0x00000000eaab0000)
  object space 349568K, 68% used [0x00000000c0000000,0x00000000ce961f28,0x00000000d5560000)
 PSPermGen       total 197056K, used 113275K [0x00000000b0000000, 0x00000000bc070000, 0x00000000c0000000)
  object space 197056K, 57% used [0x00000000b0000000,0x00000000b6e9ef50,0x00000000bc070000)
Event: 85.694 GC heap after
Heap after GC invocations=24 (full 1):
 PSYoungGen      total 260736K, used 34112K [0x00000000eaab0000, 0x00000000ffc60000, 0x0000000100000000)
  eden space 184960K, 0% used [0x00000000eaab0000,0x00000000eaab0000,0x00000000f5f50000)
  from space 75776K, 45% used [0x00000000f5f50000,0x00000000f80a0000,0x00000000fa950000)
  to   space 71808K, 0% used [0x00000000fb640000,0x00000000fb640000,0x00000000ffc60000)
 ParOldGen       total 349568K, used 270555K [0x00000000c0000000, 0x00000000d5560000, 0x00000000eaab0000)
  object space 349568K, 77% used [0x00000000c0000000,0x00000000d0836d40,0x00000000d5560000)
 PSPermGen       total 197056K, used 113275K [0x00000000b0000000, 0x00000000bc070000, 0x00000000c0000000)
  object space 197056K, 57% used [0x00000000b0000000,0x00000000b6e9ef50,0x00000000bc070000)
}
Event: 85.892 GC heap before
{Heap before GC invocations=25 (full 1):
 PSYoungGen      total 260736K, used 219072K [0x00000000eaab0000, 0x00000000ffc60000, 0x0000000100000000)
  eden space 184960K, 100% used [0x00000000eaab0000,0x00000000f5f50000,0x00000000f5f50000)
  from space 75776K, 45% used [0x00000000f5f50000,0x00000000f80a0000,0x00000000fa950000)
  to   space 71808K, 0% used [0x00000000fb640000,0x00000000fb640000,0x00000000ffc60000)
 ParOldGen       total 349568K, used 270555K [0x00000000c0000000, 0x00000000d5560000, 0x00000000eaab0000)
  object space 349568K, 77% used [0x00000000c0000000,0x00000000d0836d40,0x00000000d5560000)
 PSPermGen       total 197056K, used 113276K [0x00000000b0000000, 0x00000000bc070000, 0x00000000c0000000)
  object space 197056K, 57% used [0x00000000b0000000,0x00000000b6e9f020,0x00000000bc070000)
Event: 85.938 GC heap after
Heap after GC invocations=25 (full 1):
 PSYoungGen      total 266688K, used 34489K [0x00000000eaab0000, 0x00000000ff580000, 0x0000000100000000)
  eden space 201920K, 0% used [0x00000000eaab0000,0x00000000eaab0000,0x00000000f6fe0000)
  from space 64768K, 53% used [0x00000000fb640000,0x00000000fd7ee520,0x00000000ff580000)
  to   space 68416K, 0% used [0x00000000f6fe0000,0x00000000f6fe0000,0x00000000fb2b0000)
 ParOldGen       total 349568K, used 305339K [0x00000000c0000000, 0x00000000d5560000, 0x00000000eaab0000)
  object space 349568K, 87% used [0x00000000c0000000,0x00000000d2a2ed40,0x00000000d5560000)
 PSPermGen       total 197056K, used 113276K [0x00000000b0000000, 0x00000000bc070000, 0x00000000c0000000)
  object space 197056K, 57% used [0x00000000b0000000,0x00000000b6e9f020,0x00000000bc070000)
}
Event: 85.938 GC heap before
{Heap before GC invocations=26 (full 2):
 PSYoungGen      total 266688K, used 34489K [0x00000000eaab0000, 0x00000000ff580000, 0x0000000100000000)
  eden space 201920K, 0% used [0x00000000eaab0000,0x00000000eaab0000,0x00000000f6fe0000)
  from space 64768K, 53% used [0x00000000fb640000,0x00000000fd7ee520,0x00000000ff580000)
  to   space 68416K, 0% used [0x00000000f6fe0000,0x00000000f6fe0000,0x00000000fb2b0000)
 ParOldGen       total 349568K, used 305339K [0x00000000c0000000, 0x00000000d5560000, 0x00000000eaab0000)
  object space 349568K, 87% used [0x00000000c0000000,0x00000000d2a2ed40,0x00000000d5560000)
 PSPermGen       total 197056K, used 113276K [0x00000000b0000000, 0x00000000bc070000, 0x00000000c0000000)
  object space 197056K, 57% used [0x00000000b0000000,0x00000000b6e9f020,0x00000000bc070000)

