# JRE version: 7.0_21-b11
# Java VM: Java HotSpot(TM) 64-Bit Server VM (23.21-b01 mixed mode windows-amd64 compressed oops)
Heap
 PSYoungGen      total 152896K, used 152871K [0x00000000eaab0000, 0x00000000ff690000, 0x0000000100000000)
  eden space 131072K, 100% used [0x00000000eaab0000,0x00000000f2ab0000,0x00000000f2ab0000)
  from space 21824K, 99% used [0x00000000f2ab0000,0x00000000f3ff9f68,0x00000000f4000000)
  to   space 38848K, 99% used [0x00000000fd0a0000,0x00000000ff68c100,0x00000000ff690000)
 ParOldGen       total 349568K, used 23228K [0x00000000c0000000, 0x00000000d5560000, 0x00000000eaab0000)
  object space 349568K, 6% used [0x00000000c0000000,0x00000000c16af150,0x00000000d5560000)
 PSPermGen       total 62912K, used 62749K [0x00000000b0000000, 0x00000000b3d70000, 0x00000000c0000000)
  object space 62912K, 99% used [0x00000000b0000000,0x00000000b3d47530,0x00000000b3d70000)
GC Heap History (10 events):
Event: 1.981 GC heap after
Heap after GC invocations=1 (full 0):
 PSYoungGen      total 152896K, used 15709K [0x00000000eaab0000, 0x00000000f5550000, 0x0000000100000000)
  eden space 131072K, 0% used [0x00000000eaab0000,0x00000000eaab0000,0x00000000f2ab0000)
  from space 21824K, 71% used [0x00000000f2ab0000,0x00000000f3a07620,0x00000000f4000000)
  to   space 21824K, 0% used [0x00000000f4000000,0x00000000f4000000,0x00000000f5550000)
 ParOldGen       total 349568K, used 8K [0x00000000c0000000, 0x00000000d5560000, 0x00000000eaab0000)
  object space 349568K, 0% used [0x00000000c0000000,0x00000000c0002000,0x00000000d5560000)
 PSPermGen       total 23168K, used 23161K [0x00000000b0000000, 0x00000000b16a0000, 0x00000000c0000000)
  object space 23168K, 99% used [0x00000000b0000000,0x00000000b169e7e0,0x00000000b16a0000)
}
Event: 2.966 GC heap before
{Heap before GC invocations=2 (full 0):
 PSYoungGen      total 152896K, used 146781K [0x00000000eaab0000, 0x00000000f5550000, 0x0000000100000000)
  eden space 131072K, 100% used [0x00000000eaab0000,0x00000000f2ab0000,0x00000000f2ab0000)
  from space 21824K, 71% used [0x00000000f2ab0000,0x00000000f3a07620,0x00000000f4000000)
  to   space 21824K, 0% used [0x00000000f4000000,0x00000000f4000000,0x00000000f5550000)
 ParOldGen       total 349568K, used 8K [0x00000000c0000000, 0x00000000d5560000, 0x00000000eaab0000)
  object space 349568K, 0% used [0x00000000c0000000,0x00000000c0002000,0x00000000d5560000)
 PSPermGen       total 28928K, used 28746K [0x00000000b0000000, 0x00000000b1c40000, 0x00000000c0000000)
  object space 28928K, 99% used [0x00000000b0000000,0x00000000b1c129b0,0x00000000b1c40000)
Event: 2.974 GC heap after
Heap after GC invocations=2 (full 0):
 PSYoungGen      total 152896K, used 9173K [0x00000000eaab0000, 0x00000000f5550000, 0x0000000100000000)
  eden space 131072K, 0% used [0x00000000eaab0000,0x00000000eaab0000,0x00000000f2ab0000)
  from space 21824K, 42% used [0x00000000f4000000,0x00000000f48f56f0,0x00000000f5550000)
  to   space 21824K, 0% used [0x00000000f2ab0000,0x00000000f2ab0000,0x00000000f4000000)
 ParOldGen       total 349568K, used 16K [0x00000000c0000000, 0x00000000d5560000, 0x00000000eaab0000)
  object space 349568K, 0% used [0x00000000c0000000,0x00000000c0004000,0x00000000d5560000)
 PSPermGen       total 28928K, used 28746K [0x00000000b0000000, 0x00000000b1c40000, 0x00000000c0000000)
  object space 28928K, 99% used [0x00000000b0000000,0x00000000b1c129b0,0x00000000b1c40000)
}
Event: 4.626 GC heap before
{Heap before GC invocations=3 (full 0):
 PSYoungGen      total 152896K, used 140245K [0x00000000eaab0000, 0x00000000f5550000, 0x0000000100000000)
  eden space 131072K, 100% used [0x00000000eaab0000,0x00000000f2ab0000,0x00000000f2ab0000)
  from space 21824K, 42% used [0x00000000f4000000,0x00000000f48f56f0,0x00000000f5550000)
  to   space 21824K, 0% used [0x00000000f2ab0000,0x00000000f2ab0000,0x00000000f4000000)
 ParOldGen       total 349568K, used 16K [0x00000000c0000000, 0x00000000d5560000, 0x00000000eaab0000)
  object space 349568K, 0% used [0x00000000c0000000,0x00000000c0004000,0x00000000d5560000)
 PSPermGen       total 40832K, used 40773K [0x00000000b0000000, 0x00000000b27e0000, 0x00000000c0000000)
  object space 40832K, 99% used [0x00000000b0000000,0x00000000b27d17c8,0x00000000b27e0000)
Event: 4.640 GC heap after
Heap after GC invocations=3 (full 0):
 PSYoungGen      total 152896K, used 15737K [0x00000000eaab0000, 0x00000000f5550000, 0x0000000100000000)
  eden space 131072K, 0% used [0x00000000eaab0000,0x00000000eaab0000,0x00000000f2ab0000)
  from space 21824K, 72% used [0x00000000f2ab0000,0x00000000f3a0e578,0x00000000f4000000)
  to   space 21824K, 0% used [0x00000000f4000000,0x00000000f4000000,0x00000000f5550000)
 ParOldGen       total 349568K, used 24K [0x00000000c0000000, 0x00000000d5560000, 0x00000000eaab0000)
  object space 349568K, 0% used [0x00000000c0000000,0x00000000c0006000,0x00000000d5560000)
 PSPermGen       total 40832K, used 40773K [0x00000000b0000000, 0x00000000b27e0000, 0x00000000c0000000)
  object space 40832K, 99% used [0x00000000b0000000,0x00000000b27d17c8,0x00000000b27e0000)
}
Event: 7.885 GC heap before
{Heap before GC invocations=4 (full 0):
 PSYoungGen      total 152896K, used 146809K [0x00000000eaab0000, 0x00000000f5550000, 0x0000000100000000)
  eden space 131072K, 100% used [0x00000000eaab0000,0x00000000f2ab0000,0x00000000f2ab0000)
  from space 21824K, 72% used [0x00000000f2ab0000,0x00000000f3a0e578,0x00000000f4000000)
  to   space 21824K, 0% used [0x00000000f4000000,0x00000000f4000000,0x00000000f5550000)
 ParOldGen       total 349568K, used 24K [0x00000000c0000000, 0x00000000d5560000, 0x00000000eaab0000)
  object space 349568K, 0% used [0x00000000c0000000,0x00000000c0006000,0x00000000d5560000)
 PSPermGen       total 45824K, used 45725K [0x00000000b0000000, 0x00000000b2cc0000, 0x00000000c0000000)
  object space 45824K, 99% used [0x00000000b0000000,0x00000000b2ca75d0,0x00000000b2cc0000)
Event: 7.908 GC heap after
Heap after GC invocations=4 (full 0):
 PSYoungGen      total 152896K, used 21816K [0x00000000eaab0000, 0x00000000f5550000, 0x0000000100000000)
  eden space 131072K, 0% used [0x00000000eaab0000,0x00000000eaab0000,0x00000000f2ab0000)
  from space 21824K, 99% used [0x00000000f4000000,0x00000000f554e108,0x00000000f5550000)
  to   space 21824K, 0% used [0x00000000f2ab0000,0x00000000f2ab0000,0x00000000f4000000)
 ParOldGen       total 349568K, used 1835K [0x00000000c0000000, 0x00000000d5560000, 0x00000000eaab0000)
  object space 349568K, 0% used [0x00000000c0000000,0x00000000c01cae48,0x00000000d5560000)
 PSPermGen       total 45824K, used 45725K [0x00000000b0000000, 0x00000000b2cc0000, 0x00000000c0000000)
  object space 45824K, 99% used [0x00000000b0000000,0x00000000b2ca75d0,0x00000000b2cc0000)
}
Event: 9.547 GC heap before
{Heap before GC invocations=5 (full 0):
 PSYoungGen      total 152896K, used 152888K [0x00000000eaab0000, 0x00000000f5550000, 0x0000000100000000)
  eden space 131072K, 100% used [0x00000000eaab0000,0x00000000f2ab0000,0x00000000f2ab0000)
  from space 21824K, 99% used [0x00000000f4000000,0x00000000f554e108,0x00000000f5550000)
  to   space 21824K, 0% used [0x00000000f2ab0000,0x00000000f2ab0000,0x00000000f4000000)
 ParOldGen       total 349568K, used 1835K [0x00000000c0000000, 0x00000000d5560000, 0x00000000eaab0000)
  object space 349568K, 0% used [0x00000000c0000000,0x00000000c01cae48,0x00000000d5560000)
 PSPermGen       total 62720K, used 62640K [0x00000000b0000000, 0x00000000b3d40000, 0x00000000c0000000)
  object space 62720K, 99% used [0x00000000b0000000,0x00000000b3d2c028,0x00000000b3d40000)
Event: 9.586 GC heap after
Heap after GC invocations=5 (full 0):
 PSYoungGen      total 152896K, used 21799K [0x00000000eaab0000, 0x00000000ff690000, 0x0000000100000000)
  eden space 131072K, 0% used [0x00000000eaab0000,0x00000000eaab0000,0x00000000f2ab0000)
  from space 21824K, 99% used [0x00000000f2ab0000,0x00000000f3ff9f68,0x00000000f4000000)
  to   space 38848K, 0% used [0x00000000fd0a0000,0x00000000fd0a0000,0x00000000ff690000)
 ParOldGen       total 349568K, used 18012K [0x00000000c0000000, 0x00000000d5560000, 0x00000000eaab0000)
  object space 349568K, 5% used [0x00000000c0000000,0x00000000c1197150,0x00000000d5560000)
 PSPermGen       total 62720K, used 62640K [0x00000000b0000000, 0x00000000b3d40000, 0x00000000c0000000)
  object space 62720K, 99% used [0x00000000b0000000,0x00000000b3d2c028,0x00000000b3d40000)
}
Event: 9.765 GC heap before
{Heap before GC invocations=6 (full 0):
 PSYoungGen      total 152896K, used 152871K [0x00000000eaab0000, 0x00000000ff690000, 0x0000000100000000)
  eden space 131072K, 100% used [0x00000000eaab0000,0x00000000f2ab0000,0x00000000f2ab0000)
  from space 21824K, 99% used [0x00000000f2ab0000,0x00000000f3ff9f68,0x00000000f4000000)
  to   space 38848K, 0% used [0x00000000fd0a0000,0x00000000fd0a0000,0x00000000ff690000)
 ParOldGen       total 349568K, used 18012K [0x00000000c0000000, 0x00000000d5560000, 0x00000000eaab0000)
  object space 349568K, 5% used [0x00000000c0000000,0x00000000c1197150,0x00000000d5560000)
 PSPermGen       total 62912K, used 62749K [0x00000000b0000000, 0x00000000b3d70000, 0x00000000c0000000)
  object space 62912K, 99% used [0x00000000b0000000,0x00000000b3d47530,0x00000000b3d70000)

