# JRE version: 7.0_21-b11
# Java VM: Java HotSpot(TM) 64-Bit Server VM (23.21-b01 mixed mode windows-amd64 compressed oops)
Heap
 PSYoungGen      total 233024K, used 166451K [0x00000000eaab0000, 0x0000000100000000, 0x0000000100000000)
  eden space 116544K, 100% used [0x00000000eaab0000,0x00000000f1c80000,0x00000000f1c80000)
  from space 116480K, 42% used [0x00000000f1c80000,0x00000000f4d3ce98,0x00000000f8e40000)
  to   space 116480K, 85% used [0x00000000f8e40000,0x00000000fefe2100,0x0000000100000000)
 ParOldGen       total 699072K, used 524026K [0x00000000c0000000, 0x00000000eaab0000, 0x00000000eaab0000)
  object space 699072K, 74% used [0x00000000c0000000,0x00000000dffbeaf0,0x00000000eaab0000)
 PSPermGen       total 245056K, used 127215K [0x00000000b0000000, 0x00000000bef50000, 0x00000000c0000000)
  object space 245056K, 51% used [0x00000000b0000000,0x00000000b7c3bd30,0x00000000bef50000)
GC Heap History (10 events):
Event: 817.656 GC heap after
Heap after GC invocations=33 (full 2):
 PSYoungGen      total 224128K, used 58003K [0x00000000eaab0000, 0x0000000100000000, 0x0000000100000000)
  eden space 166080K, 0% used [0x00000000eaab0000,0x00000000eaab0000,0x00000000f4ce0000)
  from space 58048K, 99% used [0x00000000f4ce0000,0x00000000f8584d50,0x00000000f8590000)
  to   space 92416K, 0% used [0x00000000fa5c0000,0x00000000fa5c0000,0x0000000100000000)
 ParOldGen       total 699072K, used 436229K [0x00000000c0000000, 0x00000000eaab0000, 0x00000000eaab0000)
  object space 699072K, 62% used [0x00000000c0000000,0x00000000daa017e8,0x00000000eaab0000)
 PSPermGen       total 245056K, used 125000K [0x00000000b0000000, 0x00000000bef50000, 0x00000000c0000000)
  object space 245056K, 51% used [0x00000000b0000000,0x00000000b7a12170,0x00000000bef50000)
}
Event: 817.758 GC heap before
{Heap before GC invocations=34 (full 2):
 PSYoungGen      total 224128K, used 224083K [0x00000000eaab0000, 0x0000000100000000, 0x0000000100000000)
  eden space 166080K, 100% used [0x00000000eaab0000,0x00000000f4ce0000,0x00000000f4ce0000)
  from space 58048K, 99% used [0x00000000f4ce0000,0x00000000f8584d50,0x00000000f8590000)
  to   space 92416K, 0% used [0x00000000fa5c0000,0x00000000fa5c0000,0x0000000100000000)
 ParOldGen       total 699072K, used 436229K [0x00000000c0000000, 0x00000000eaab0000, 0x00000000eaab0000)
  object space 699072K, 62% used [0x00000000c0000000,0x00000000daa017e8,0x00000000eaab0000)
 PSPermGen       total 245056K, used 125000K [0x00000000b0000000, 0x00000000bef50000, 0x00000000c0000000)
  object space 245056K, 51% used [0x00000000b0000000,0x00000000b7a12170,0x00000000bef50000)
Event: 817.793 GC heap after
Heap after GC invocations=34 (full 2):
 PSYoungGen      total 256576K, used 58083K [0x00000000eaab0000, 0x0000000100000000, 0x0000000100000000)
  eden space 164160K, 0% used [0x00000000eaab0000,0x00000000eaab0000,0x00000000f4b00000)
  from space 92416K, 62% used [0x00000000fa5c0000,0x00000000fde78fa8,0x0000000100000000)
  to   space 92672K, 0% used [0x00000000f4b00000,0x00000000f4b00000,0x00000000fa580000)
 ParOldGen       total 699072K, used 436229K [0x00000000c0000000, 0x00000000eaab0000, 0x00000000eaab0000)
  object space 699072K, 62% used [0x00000000c0000000,0x00000000daa017e8,0x00000000eaab0000)
 PSPermGen       total 245056K, used 125000K [0x00000000b0000000, 0x00000000bef50000, 0x00000000c0000000)
  object space 245056K, 51% used [0x00000000b0000000,0x00000000b7a12170,0x00000000bef50000)
}
Event: 818.615 GC heap before
{Heap before GC invocations=35 (full 2):
 PSYoungGen      total 256576K, used 222243K [0x00000000eaab0000, 0x0000000100000000, 0x0000000100000000)
  eden space 164160K, 100% used [0x00000000eaab0000,0x00000000f4b00000,0x00000000f4b00000)
  from space 92416K, 62% used [0x00000000fa5c0000,0x00000000fde78fa8,0x0000000100000000)
  to   space 92672K, 0% used [0x00000000f4b00000,0x00000000f4b00000,0x00000000fa580000)
 ParOldGen       total 699072K, used 436229K [0x00000000c0000000, 0x00000000eaab0000, 0x00000000eaab0000)
  object space 699072K, 62% used [0x00000000c0000000,0x00000000daa017e8,0x00000000eaab0000)
 PSPermGen       total 245056K, used 125289K [0x00000000b0000000, 0x00000000bef50000, 0x00000000c0000000)
  object space 245056K, 51% used [0x00000000b0000000,0x00000000b7a5a4b8,0x00000000bef50000)
Event: 818.684 GC heap after
Heap after GC invocations=35 (full 2):
 PSYoungGen      total 256832K, used 92663K [0x00000000eaab0000, 0x0000000100000000, 0x0000000100000000)
  eden space 164160K, 0% used [0x00000000eaab0000,0x00000000eaab0000,0x00000000f4b00000)
  from space 92672K, 99% used [0x00000000f4b00000,0x00000000fa57dec8,0x00000000fa580000)
  to   space 92672K, 0% used [0x00000000fa580000,0x00000000fa580000,0x0000000100000000)
 ParOldGen       total 699072K, used 461763K [0x00000000c0000000, 0x00000000eaab0000, 0x00000000eaab0000)
  object space 699072K, 66% used [0x00000000c0000000,0x00000000dc2f0e08,0x00000000eaab0000)
 PSPermGen       total 245056K, used 125289K [0x00000000b0000000, 0x00000000bef50000, 0x00000000c0000000)
  object space 245056K, 51% used [0x00000000b0000000,0x00000000b7a5a4b8,0x00000000bef50000)
}
Event: 823.559 GC heap before
{Heap before GC invocations=36 (full 2):
 PSYoungGen      total 256832K, used 256823K [0x00000000eaab0000, 0x0000000100000000, 0x0000000100000000)
  eden space 164160K, 100% used [0x00000000eaab0000,0x00000000f4b00000,0x00000000f4b00000)
  from space 92672K, 99% used [0x00000000f4b00000,0x00000000fa57dec8,0x00000000fa580000)
  to   space 92672K, 0% used [0x00000000fa580000,0x00000000fa580000,0x0000000100000000)
 ParOldGen       total 699072K, used 461763K [0x00000000c0000000, 0x00000000eaab0000, 0x00000000eaab0000)
  object space 699072K, 66% used [0x00000000c0000000,0x00000000dc2f0e08,0x00000000eaab0000)
 PSPermGen       total 245056K, used 126224K [0x00000000b0000000, 0x00000000bef50000, 0x00000000c0000000)
  object space 245056K, 51% used [0x00000000b0000000,0x00000000b7b44098,0x00000000bef50000)
Event: 823.620 GC heap after
Heap after GC invocations=36 (full 2):
 PSYoungGen      total 209216K, used 92655K [0x00000000eaab0000, 0x0000000100000000, 0x0000000100000000)
  eden space 116544K, 0% used [0x00000000eaab0000,0x00000000eaab0000,0x00000000f1c80000)
  from space 92672K, 99% used [0x00000000fa580000,0x00000000ffffbc88,0x0000000100000000)
  to   space 116480K, 0% used [0x00000000f1c80000,0x00000000f1c80000,0x00000000f8e40000)
 ParOldGen       total 699072K, used 472732K [0x00000000c0000000, 0x00000000eaab0000, 0x00000000eaab0000)
  object space 699072K, 67% used [0x00000000c0000000,0x00000000dcda70f0,0x00000000eaab0000)
 PSPermGen       total 245056K, used 126224K [0x00000000b0000000, 0x00000000bef50000, 0x00000000c0000000)
  object space 245056K, 51% used [0x00000000b0000000,0x00000000b7b44098,0x00000000bef50000)
}
Event: 916.924 GC heap before
{Heap before GC invocations=37 (full 2):
 PSYoungGen      total 209216K, used 209199K [0x00000000eaab0000, 0x0000000100000000, 0x0000000100000000)
  eden space 116544K, 100% used [0x00000000eaab0000,0x00000000f1c80000,0x00000000f1c80000)
  from space 92672K, 99% used [0x00000000fa580000,0x00000000ffffbc88,0x0000000100000000)
  to   space 116480K, 0% used [0x00000000f1c80000,0x00000000f1c80000,0x00000000f8e40000)
 ParOldGen       total 699072K, used 472732K [0x00000000c0000000, 0x00000000eaab0000, 0x00000000eaab0000)
  object space 699072K, 67% used [0x00000000c0000000,0x00000000dcda70f0,0x00000000eaab0000)
 PSPermGen       total 245056K, used 127013K [0x00000000b0000000, 0x00000000bef50000, 0x00000000c0000000)
  object space 245056K, 51% used [0x00000000b0000000,0x00000000b7c09670,0x00000000bef50000)
Event: 916.990 GC heap after
Heap after GC invocations=37 (full 2):
 PSYoungGen      total 233024K, used 49907K [0x00000000eaab0000, 0x0000000100000000, 0x0000000100000000)
  eden space 116544K, 0% used [0x00000000eaab0000,0x00000000eaab0000,0x00000000f1c80000)
  from space 116480K, 42% used [0x00000000f1c80000,0x00000000f4d3ce98,0x00000000f8e40000)
  to   space 116480K, 0% used [0x00000000f8e40000,0x00000000f8e40000,0x0000000100000000)
 ParOldGen       total 699072K, used 523248K [0x00000000c0000000, 0x00000000eaab0000, 0x00000000eaab0000)
  object space 699072K, 74% used [0x00000000c0000000,0x00000000dfefc350,0x00000000eaab0000)
 PSPermGen       total 245056K, used 127013K [0x00000000b0000000, 0x00000000bef50000, 0x00000000c0000000)
  object space 245056K, 51% used [0x00000000b0000000,0x00000000b7c09670,0x00000000bef50000)
}
Event: 917.588 GC heap before
{Heap before GC invocations=38 (full 2):
 PSYoungGen      total 233024K, used 166451K [0x00000000eaab0000, 0x0000000100000000, 0x0000000100000000)
  eden space 116544K, 100% used [0x00000000eaab0000,0x00000000f1c80000,0x00000000f1c80000)
  from space 116480K, 42% used [0x00000000f1c80000,0x00000000f4d3ce98,0x00000000f8e40000)
  to   space 116480K, 0% used [0x00000000f8e40000,0x00000000f8e40000,0x0000000100000000)
 ParOldGen       total 699072K, used 523248K [0x00000000c0000000, 0x00000000eaab0000, 0x00000000eaab0000)
  object space 699072K, 74% used [0x00000000c0000000,0x00000000dfefc350,0x00000000eaab0000)
 PSPermGen       total 245056K, used 127215K [0x00000000b0000000, 0x00000000bef50000, 0x00000000c0000000)
  object space 245056K, 51% used [0x00000000b0000000,0x00000000b7c3bd30,0x00000000bef50000)

