# JRE version: 7.0_21-b11
# Java VM: Java HotSpot(TM) 64-Bit Server VM (23.21-b01 mixed mode windows-amd64 compressed oops)
Heap
 PSYoungGen      total 240896K, used 114371K [0x00000000eaab0000, 0x00000000ff710000, 0x0000000100000000)
  eden space 142080K, 61% used [0x00000000eaab0000,0x00000000f0088fd8,0x00000000f3570000)
  from space 98816K, 26% used [0x00000000f3570000,0x00000000f4f48000,0x00000000f95f0000)
  to   space 95680K, 0% used [0x00000000f99a0000,0x00000000f99a0000,0x00000000ff710000)
 ParOldGen       total 349568K, used 265746K [0x00000000c0000000, 0x00000000d5560000, 0x00000000eaab0000)
  object space 349568K, 76% used [0x00000000c0000000,0x00000000d0384b38,0x00000000d5560000)
 PSPermGen       total 58496K, used 58379K [0x00000000b0000000, 0x00000000b3920000, 0x00000000c0000000)
  object space 58496K, 99% used [0x00000000b0000000,0x00000000b3902ec0,0x00000000b3920000)
GC Heap History (10 events):
Event: 7.871 GC heap before
{Heap before GC invocations=9 (full 0):
 PSYoungGen      total 202240K, used 202233K [0x00000000eaab0000, 0x0000000100000000, 0x0000000100000000)
  eden space 152896K, 100% used [0x00000000eaab0000,0x00000000f4000000,0x00000000f4000000)
  from space 49344K, 99% used [0x00000000fcfd0000,0x00000000ffffe420,0x0000000100000000)
  to   space 98304K, 0% used [0x00000000f4000000,0x00000000f4000000,0x00000000fa000000)
 ParOldGen       total 349568K, used 105399K [0x00000000c0000000, 0x00000000d5560000, 0x00000000eaab0000)
  object space 349568K, 30% used [0x00000000c0000000,0x00000000c66edc30,0x00000000d5560000)
 PSPermGen       total 58496K, used 58320K [0x00000000b0000000, 0x00000000b3920000, 0x00000000c0000000)
  object space 58496K, 99% used [0x00000000b0000000,0x00000000b38f41d0,0x00000000b3920000)
Event: 7.915 GC heap after
Heap after GC invocations=9 (full 0):
 PSYoungGen      total 228096K, used 75195K [0x00000000eaab0000, 0x0000000100000000, 0x0000000100000000)
  eden space 152896K, 0% used [0x00000000eaab0000,0x00000000eaab0000,0x00000000f4000000)
  from space 75200K, 99% used [0x00000000f4000000,0x00000000f896ee18,0x00000000f8970000)
  to   space 106048K, 0% used [0x00000000f9870000,0x00000000f9870000,0x0000000100000000)
 ParOldGen       total 349568K, used 107377K [0x00000000c0000000, 0x00000000d5560000, 0x00000000eaab0000)
  object space 349568K, 30% used [0x00000000c0000000,0x00000000c68dc618,0x00000000d5560000)
 PSPermGen       total 58496K, used 58320K [0x00000000b0000000, 0x00000000b3920000, 0x00000000c0000000)
  object space 58496K, 99% used [0x00000000b0000000,0x00000000b38f41d0,0x00000000b3920000)
}
Event: 8.074 GC heap before
{Heap before GC invocations=10 (full 0):
 PSYoungGen      total 228096K, used 228091K [0x00000000eaab0000, 0x0000000100000000, 0x0000000100000000)
  eden space 152896K, 100% used [0x00000000eaab0000,0x00000000f4000000,0x00000000f4000000)
  from space 75200K, 99% used [0x00000000f4000000,0x00000000f896ee18,0x00000000f8970000)
  to   space 106048K, 0% used [0x00000000f9870000,0x00000000f9870000,0x0000000100000000)
 ParOldGen       total 349568K, used 107377K [0x00000000c0000000, 0x00000000d5560000, 0x00000000eaab0000)
  object space 349568K, 30% used [0x00000000c0000000,0x00000000c68dc618,0x00000000d5560000)
 PSPermGen       total 58496K, used 58320K [0x00000000b0000000, 0x00000000b3920000, 0x00000000c0000000)
  object space 58496K, 99% used [0x00000000b0000000,0x00000000b38f41d0,0x00000000b3920000)
Event: 8.120 GC heap after
Heap after GC invocations=10 (full 0):
 PSYoungGen      total 245248K, used 56091K [0x00000000eaab0000, 0x0000000100000000, 0x0000000100000000)
  eden space 139200K, 0% used [0x00000000eaab0000,0x00000000eaab0000,0x00000000f32a0000)
  from space 106048K, 52% used [0x00000000f9870000,0x00000000fcf36e18,0x0000000100000000)
  to   space 104256K, 0% used [0x00000000f32a0000,0x00000000f32a0000,0x00000000f9870000)
 ParOldGen       total 349568K, used 155961K [0x00000000c0000000, 0x00000000d5560000, 0x00000000eaab0000)
  object space 349568K, 44% used [0x00000000c0000000,0x00000000c984e618,0x00000000d5560000)
 PSPermGen       total 58496K, used 58320K [0x00000000b0000000, 0x00000000b3920000, 0x00000000c0000000)
  object space 58496K, 99% used [0x00000000b0000000,0x00000000b38f41d0,0x00000000b3920000)
}
Event: 8.263 GC heap before
{Heap before GC invocations=11 (full 0):
 PSYoungGen      total 245248K, used 195291K [0x00000000eaab0000, 0x0000000100000000, 0x0000000100000000)
  eden space 139200K, 100% used [0x00000000eaab0000,0x00000000f32a0000,0x00000000f32a0000)
  from space 106048K, 52% used [0x00000000f9870000,0x00000000fcf36e18,0x0000000100000000)
  to   space 104256K, 0% used [0x00000000f32a0000,0x00000000f32a0000,0x00000000f9870000)
 ParOldGen       total 349568K, used 155961K [0x00000000c0000000, 0x00000000d5560000, 0x00000000eaab0000)
  object space 349568K, 44% used [0x00000000c0000000,0x00000000c984e618,0x00000000d5560000)
 PSPermGen       total 58496K, used 58320K [0x00000000b0000000, 0x00000000b3920000, 0x00000000c0000000)
  object space 58496K, 99% used [0x00000000b0000000,0x00000000b38f41d0,0x00000000b3920000)
Event: 8.314 GC heap after
Heap after GC invocations=11 (full 0):
 PSYoungGen      total 164864K, used 25625K [0x00000000eaab0000, 0x00000000ff940000, 0x0000000100000000)
  eden space 139200K, 0% used [0x00000000eaab0000,0x00000000eaab0000,0x00000000f32a0000)
  from space 25664K, 99% used [0x00000000f32a0000,0x00000000f4ba6520,0x00000000f4bb0000)
  to   space 101696K, 0% used [0x00000000f95f0000,0x00000000f95f0000,0x00000000ff940000)
 ParOldGen       total 349568K, used 213209K [0x00000000c0000000, 0x00000000d5560000, 0x00000000eaab0000)
  object space 349568K, 60% used [0x00000000c0000000,0x00000000cd036618,0x00000000d5560000)
 PSPermGen       total 58496K, used 58320K [0x00000000b0000000, 0x00000000b3920000, 0x00000000c0000000)
  object space 58496K, 99% used [0x00000000b0000000,0x00000000b38f41d0,0x00000000b3920000)
}
Event: 8.458 GC heap before
{Heap before GC invocations=12 (full 0):
 PSYoungGen      total 164864K, used 164825K [0x00000000eaab0000, 0x00000000ff940000, 0x0000000100000000)
  eden space 139200K, 100% used [0x00000000eaab0000,0x00000000f32a0000,0x00000000f32a0000)
  from space 25664K, 99% used [0x00000000f32a0000,0x00000000f4ba6520,0x00000000f4bb0000)
  to   space 101696K, 0% used [0x00000000f95f0000,0x00000000f95f0000,0x00000000ff940000)
 ParOldGen       total 349568K, used 213209K [0x00000000c0000000, 0x00000000d5560000, 0x00000000eaab0000)
  object space 349568K, 60% used [0x00000000c0000000,0x00000000cd036618,0x00000000d5560000)
 PSPermGen       total 58496K, used 58320K [0x00000000b0000000, 0x00000000b3920000, 0x00000000c0000000)
  object space 58496K, 99% used [0x00000000b0000000,0x00000000b38f41d0,0x00000000b3920000)
Event: 8.489 GC heap after
Heap after GC invocations=12 (full 0):
 PSYoungGen      total 243776K, used 25824K [0x00000000eaab0000, 0x0000000100000000, 0x0000000100000000)
  eden space 142080K, 0% used [0x00000000eaab0000,0x00000000eaab0000,0x00000000f3570000)
  from space 101696K, 25% used [0x00000000f95f0000,0x00000000faf28000,0x00000000ff940000)
  to   space 98816K, 0% used [0x00000000f3570000,0x00000000f3570000,0x00000000f95f0000)
 ParOldGen       total 349568K, used 239402K [0x00000000c0000000, 0x00000000d5560000, 0x00000000eaab0000)
  object space 349568K, 68% used [0x00000000c0000000,0x00000000ce9cab38,0x00000000d5560000)
 PSPermGen       total 58496K, used 58320K [0x00000000b0000000, 0x00000000b3920000, 0x00000000c0000000)
  object space 58496K, 99% used [0x00000000b0000000,0x00000000b38f41d0,0x00000000b3920000)
}
Event: 8.637 GC heap before
{Heap before GC invocations=13 (full 0):
 PSYoungGen      total 243776K, used 167904K [0x00000000eaab0000, 0x0000000100000000, 0x0000000100000000)
  eden space 142080K, 100% used [0x00000000eaab0000,0x00000000f3570000,0x00000000f3570000)
  from space 101696K, 25% used [0x00000000f95f0000,0x00000000faf28000,0x00000000ff940000)
  to   space 98816K, 0% used [0x00000000f3570000,0x00000000f3570000,0x00000000f95f0000)
 ParOldGen       total 349568K, used 239402K [0x00000000c0000000, 0x00000000d5560000, 0x00000000eaab0000)
  object space 349568K, 68% used [0x00000000c0000000,0x00000000ce9cab38,0x00000000d5560000)
 PSPermGen       total 58496K, used 58321K [0x00000000b0000000, 0x00000000b3920000, 0x00000000c0000000)
  object space 58496K, 99% used [0x00000000b0000000,0x00000000b38f46b0,0x00000000b3920000)
Event: 8.667 GC heap after
Heap after GC invocations=13 (full 0):
 PSYoungGen      total 240896K, used 26464K [0x00000000eaab0000, 0x00000000ff710000, 0x0000000100000000)
  eden space 142080K, 0% used [0x00000000eaab0000,0x00000000eaab0000,0x00000000f3570000)
  from space 98816K, 26% used [0x00000000f3570000,0x00000000f4f48000,0x00000000f95f0000)
  to   space 95680K, 0% used [0x00000000f99a0000,0x00000000f99a0000,0x00000000ff710000)
 ParOldGen       total 349568K, used 265746K [0x00000000c0000000, 0x00000000d5560000, 0x00000000eaab0000)
  object space 349568K, 76% used [0x00000000c0000000,0x00000000d0384b38,0x00000000d5560000)
 PSPermGen       total 58496K, used 58321K [0x00000000b0000000, 0x00000000b3920000, 0x00000000c0000000)
  object space 58496K, 99% used [0x00000000b0000000,0x00000000b38f46b0,0x00000000b3920000)
}

