# JRE version: 7.0_21-b11
# Java VM: Java HotSpot(TM) 64-Bit Server VM (23.21-b01 mixed mode windows-amd64 compressed oops)
Heap
 PSYoungGen      total 12800K, used 496K [0x00000007d5600000, 0x00000007d6300000, 0x0000000800000000)
  eden space 12288K, 0% used [0x00000007d5600000,0x00000007d5600000,0x00000007d6200000)
  from space 512K, 96% used [0x00000007d6280000,0x00000007d62fc010,0x00000007d6300000)
  to   space 512K, 0% used [0x00000007d6200000,0x00000007d6200000,0x00000007d6280000)
 ParOldGen       total 5504K, used 3992K [0x0000000780200000, 0x0000000780760000, 0x00000007d5600000)
  object space 5504K, 72% used [0x0000000780200000,0x00000007805e62b8,0x0000000780760000)
 PSPermGen       total 21248K, used 6580K [0x000000077b000000, 0x000000077c4c0000, 0x0000000780200000)
  object space 21248K, 30% used [0x000000077b000000,0x000000077b66d028,0x000000077c4c0000)
GC Heap History (9 events):
Event: 0.126 GC heap before
{Heap before GC invocations=1 (full 0):
 PSYoungGen      total 3584K, used 3063K [0x00000007d5600000, 0x00000007d5a00000, 0x0000000800000000)
  eden space 3072K, 99% used [0x00000007d5600000,0x00000007d58fde50,0x00000007d5900000)
  from space 512K, 0% used [0x00000007d5980000,0x00000007d5980000,0x00000007d5a00000)
  to   space 512K, 0% used [0x00000007d5900000,0x00000007d5900000,0x00000007d5980000)
 ParOldGen       total 5504K, used 0K [0x0000000780200000, 0x0000000780760000, 0x00000007d5600000)
  object space 5504K, 0% used [0x0000000780200000,0x0000000780200000,0x0000000780760000)
 PSPermGen       total 21248K, used 3890K [0x000000077b000000, 0x000000077c4c0000, 0x0000000780200000)
  object space 21248K, 18% used [0x000000077b000000,0x000000077b3cca08,0x000000077c4c0000)
Event: 0.128 GC heap after
Heap after GC invocations=1 (full 0):
 PSYoungGen      total 3584K, used 496K [0x00000007d5600000, 0x00000007d5d00000, 0x0000000800000000)
  eden space 3072K, 0% used [0x00000007d5600000,0x00000007d5600000,0x00000007d5900000)
  from space 512K, 96% used [0x00000007d5900000,0x00000007d597c030,0x00000007d5980000)
  to   space 512K, 0% used [0x00000007d5c80000,0x00000007d5c80000,0x00000007d5d00000)
 ParOldGen       total 5504K, used 332K [0x0000000780200000, 0x0000000780760000, 0x00000007d5600000)
  object space 5504K, 6% used [0x0000000780200000,0x00000007802530f0,0x0000000780760000)
 PSPermGen       total 21248K, used 3890K [0x000000077b000000, 0x000000077c4c0000, 0x0000000780200000)
  object space 21248K, 18% used [0x000000077b000000,0x000000077b3cca08,0x000000077c4c0000)
}
Event: 0.191 GC heap before
{Heap before GC invocations=2 (full 0):
 PSYoungGen      total 3584K, used 3568K [0x00000007d5600000, 0x00000007d5d00000, 0x0000000800000000)
  eden space 3072K, 100% used [0x00000007d5600000,0x00000007d5900000,0x00000007d5900000)
  from space 512K, 96% used [0x00000007d5900000,0x00000007d597c030,0x00000007d5980000)
  to   space 512K, 0% used [0x00000007d5c80000,0x00000007d5c80000,0x00000007d5d00000)
 ParOldGen       total 5504K, used 332K [0x0000000780200000, 0x0000000780760000, 0x00000007d5600000)
  object space 5504K, 6% used [0x0000000780200000,0x00000007802530f0,0x0000000780760000)
 PSPermGen       total 21248K, used 5053K [0x000000077b000000, 0x000000077c4c0000, 0x0000000780200000)
  object space 21248K, 23% used [0x000000077b000000,0x000000077b4ef6e0,0x000000077c4c0000)
Event: 0.192 GC heap after
Heap after GC invocations=2 (full 0):
 PSYoungGen      total 6656K, used 496K [0x00000007d5600000, 0x00000007d5d00000, 0x0000000800000000)
  eden space 6144K, 0% used [0x00000007d5600000,0x00000007d5600000,0x00000007d5c00000)
  from space 512K, 96% used [0x00000007d5c80000,0x00000007d5cfc030,0x00000007d5d00000)
  to   space 512K, 0% used [0x00000007d5c00000,0x00000007d5c00000,0x00000007d5c80000)
 ParOldGen       total 5504K, used 540K [0x0000000780200000, 0x0000000780760000, 0x00000007d5600000)
  object space 5504K, 9% used [0x0000000780200000,0x00000007802870f0,0x0000000780760000)
 PSPermGen       total 21248K, used 5053K [0x000000077b000000, 0x000000077c4c0000, 0x0000000780200000)
  object space 21248K, 23% used [0x000000077b000000,0x000000077b4ef6e0,0x000000077c4c0000)
}
Event: 0.287 GC heap before
{Heap before GC invocations=3 (full 0):
 PSYoungGen      total 6656K, used 6640K [0x00000007d5600000, 0x00000007d5d00000, 0x0000000800000000)
  eden space 6144K, 100% used [0x00000007d5600000,0x00000007d5c00000,0x00000007d5c00000)
  from space 512K, 96% used [0x00000007d5c80000,0x00000007d5cfc030,0x00000007d5d00000)
  to   space 512K, 0% used [0x00000007d5c00000,0x00000007d5c00000,0x00000007d5c80000)
 ParOldGen       total 5504K, used 540K [0x0000000780200000, 0x0000000780760000, 0x00000007d5600000)
  object space 5504K, 9% used [0x0000000780200000,0x00000007802870f0,0x0000000780760000)
 PSPermGen       total 21248K, used 6087K [0x000000077b000000, 0x000000077c4c0000, 0x0000000780200000)
  object space 21248K, 28% used [0x000000077b000000,0x000000077b5f1fc0,0x000000077c4c0000)
Event: 0.295 GC heap after
Heap after GC invocations=3 (full 0):
 PSYoungGen      total 6656K, used 480K [0x00000007d5600000, 0x00000007d6300000, 0x0000000800000000)
  eden space 6144K, 0% used [0x00000007d5600000,0x00000007d5600000,0x00000007d5c00000)
  from space 512K, 93% used [0x00000007d5c00000,0x00000007d5c78020,0x00000007d5c80000)
  to   space 512K, 0% used [0x00000007d6280000,0x00000007d6280000,0x00000007d6300000)
 ParOldGen       total 5504K, used 1470K [0x0000000780200000, 0x0000000780760000, 0x00000007d5600000)
  object space 5504K, 26% used [0x0000000780200000,0x000000078036f8f0,0x0000000780760000)
 PSPermGen       total 21248K, used 6087K [0x000000077b000000, 0x000000077c4c0000, 0x0000000780200000)
  object space 21248K, 28% used [0x000000077b000000,0x000000077b5f1fc0,0x000000077c4c0000)
}
Event: 0.391 GC heap before
{Heap before GC invocations=4 (full 0):
 PSYoungGen      total 6656K, used 6624K [0x00000007d5600000, 0x00000007d6300000, 0x0000000800000000)
  eden space 6144K, 100% used [0x00000007d5600000,0x00000007d5c00000,0x00000007d5c00000)
  from space 512K, 93% used [0x00000007d5c00000,0x00000007d5c78020,0x00000007d5c80000)
  to   space 512K, 0% used [0x00000007d6280000,0x00000007d6280000,0x00000007d6300000)
 ParOldGen       total 5504K, used 1470K [0x0000000780200000, 0x0000000780760000, 0x00000007d5600000)
  object space 5504K, 26% used [0x0000000780200000,0x000000078036f8f0,0x0000000780760000)
 PSPermGen       total 21248K, used 6580K [0x000000077b000000, 0x000000077c4c0000, 0x0000000780200000)
  object space 21248K, 30% used [0x000000077b000000,0x000000077b66d028,0x000000077c4c0000)
Event: 0.393 GC heap after
Heap after GC invocations=4 (full 0):
 PSYoungGen      total 12800K, used 496K [0x00000007d5600000, 0x00000007d6300000, 0x0000000800000000)
  eden space 12288K, 0% used [0x00000007d5600000,0x00000007d5600000,0x00000007d6200000)
  from space 512K, 96% used [0x00000007d6280000,0x00000007d62fc010,0x00000007d6300000)
  to   space 512K, 0% used [0x00000007d6200000,0x00000007d6200000,0x00000007d6280000)
 ParOldGen       total 5504K, used 3992K [0x0000000780200000, 0x0000000780760000, 0x00000007d5600000)
  object space 5504K, 72% used [0x0000000780200000,0x00000007805e62b8,0x0000000780760000)
 PSPermGen       total 21248K, used 6580K [0x000000077b000000, 0x000000077c4c0000, 0x0000000780200000)
  object space 21248K, 30% used [0x000000077b000000,0x000000077b66d028,0x000000077c4c0000)
}
Event: 0.393 GC heap before
{Heap before GC invocations=5 (full 1):
 PSYoungGen      total 12800K, used 496K [0x00000007d5600000, 0x00000007d6300000, 0x0000000800000000)
  eden space 12288K, 0% used [0x00000007d5600000,0x00000007d5600000,0x00000007d6200000)
  from space 512K, 96% used [0x00000007d6280000,0x00000007d62fc010,0x00000007d6300000)
  to   space 512K, 0% used [0x00000007d6200000,0x00000007d6200000,0x00000007d6280000)
 ParOldGen       total 5504K, used 3992K [0x0000000780200000, 0x0000000780760000, 0x00000007d5600000)
  object space 5504K, 72% used [0x0000000780200000,0x00000007805e62b8,0x0000000780760000)
 PSPermGen       total 21248K, used 6580K [0x000000077b000000, 0x000000077c4c0000, 0x0000000780200000)
  object space 21248K, 30% used [0x000000077b000000,0x000000077b66d028,0x000000077c4c0000)

