# JRE version: 7.0_21-b11
# Java VM: Java HotSpot(TM) 64-Bit Server VM (23.21-b01 mixed mode windows-amd64 compressed oops)
Heap
 PSYoungGen      total 233152K, used 139730K [0x00000000eaab0000, 0x00000000ffd50000, 0x0000000100000000)
  eden space 119936K, 100% used [0x00000000eaab0000,0x00000000f1fd0000,0x00000000f1fd0000)
  from space 113216K, 17% used [0x00000000f1fd0000,0x00000000f3324b60,0x00000000f8e60000)
  to   space 111360K, 55% used [0x00000000f9090000,0x00000000fcccfd60,0x00000000ffd50000)
 ParOldGen       total 699072K, used 266045K [0x00000000c0000000, 0x00000000eaab0000, 0x00000000eaab0000)
  object space 699072K, 38% used [0x00000000c0000000,0x00000000d03cf7a0,0x00000000eaab0000)
 PSPermGen       total 242176K, used 131805K [0x00000000b0000000, 0x00000000bec80000, 0x00000000c0000000)
  object space 242176K, 54% used [0x00000000b0000000,0x00000000b80b7730,0x00000000bec80000)
GC Heap History (10 events):
Event: 558.656 GC heap after
Heap after GC invocations=45 (full 2):
 PSYoungGen      total 157312K, used 40711K [0x00000000eaab0000, 0x00000000ff300000, 0x0000000100000000)
  eden space 116544K, 0% used [0x00000000eaab0000,0x00000000eaab0000,0x00000000f1c80000)
  from space 40768K, 99% used [0x00000000f1c80000,0x00000000f4441c38,0x00000000f4450000)
  to   space 109824K, 0% used [0x00000000f87c0000,0x00000000f87c0000,0x00000000ff300000)
 ParOldGen       total 518464K, used 266045K [0x00000000c0000000, 0x00000000dfa50000, 0x00000000eaab0000)
  object space 518464K, 51% used [0x00000000c0000000,0x00000000d03cf7a0,0x00000000dfa50000)
 PSPermGen       total 242176K, used 130407K [0x00000000b0000000, 0x00000000bec80000, 0x00000000c0000000)
  object space 242176K, 53% used [0x00000000b0000000,0x00000000b7f59c98,0x00000000bec80000)
}
Event: 560.943 GC heap before
{Heap before GC invocations=46 (full 2):
 PSYoungGen      total 157312K, used 157255K [0x00000000eaab0000, 0x00000000ff300000, 0x0000000100000000)
  eden space 116544K, 100% used [0x00000000eaab0000,0x00000000f1c80000,0x00000000f1c80000)
  from space 40768K, 99% used [0x00000000f1c80000,0x00000000f4441c38,0x00000000f4450000)
  to   space 109824K, 0% used [0x00000000f87c0000,0x00000000f87c0000,0x00000000ff300000)
 ParOldGen       total 518464K, used 266045K [0x00000000c0000000, 0x00000000dfa50000, 0x00000000eaab0000)
  object space 518464K, 51% used [0x00000000c0000000,0x00000000d03cf7a0,0x00000000dfa50000)
 PSPermGen       total 242176K, used 131080K [0x00000000b0000000, 0x00000000bec80000, 0x00000000c0000000)
  object space 242176K, 54% used [0x00000000b0000000,0x00000000b80020d0,0x00000000bec80000)
Event: 560.977 GC heap after
Heap after GC invocations=46 (full 2):
 PSYoungGen      total 225024K, used 63341K [0x00000000eaab0000, 0x00000000ffc60000, 0x0000000100000000)
  eden space 115200K, 0% used [0x00000000eaab0000,0x00000000eaab0000,0x00000000f1b30000)
  from space 109824K, 57% used [0x00000000f87c0000,0x00000000fc59b480,0x00000000ff300000)
  to   space 111168K, 0% used [0x00000000f1b30000,0x00000000f1b30000,0x00000000f87c0000)
 ParOldGen       total 518464K, used 266045K [0x00000000c0000000, 0x00000000dfa50000, 0x00000000eaab0000)
  object space 518464K, 51% used [0x00000000c0000000,0x00000000d03cf7a0,0x00000000dfa50000)
 PSPermGen       total 242176K, used 131080K [0x00000000b0000000, 0x00000000bec80000, 0x00000000c0000000)
  object space 242176K, 54% used [0x00000000b0000000,0x00000000b80020d0,0x00000000bec80000)
}
Event: 569.777 GC heap before
{Heap before GC invocations=47 (full 2):
 PSYoungGen      total 225024K, used 178541K [0x00000000eaab0000, 0x00000000ffc60000, 0x0000000100000000)
  eden space 115200K, 100% used [0x00000000eaab0000,0x00000000f1b30000,0x00000000f1b30000)
  from space 109824K, 57% used [0x00000000f87c0000,0x00000000fc59b480,0x00000000ff300000)
  to   space 111168K, 0% used [0x00000000f1b30000,0x00000000f1b30000,0x00000000f87c0000)
 ParOldGen       total 518464K, used 266045K [0x00000000c0000000, 0x00000000dfa50000, 0x00000000eaab0000)
  object space 518464K, 51% used [0x00000000c0000000,0x00000000d03cf7a0,0x00000000dfa50000)
 PSPermGen       total 242176K, used 131279K [0x00000000b0000000, 0x00000000bec80000, 0x00000000c0000000)
  object space 242176K, 54% used [0x00000000b0000000,0x00000000b8033f30,0x00000000bec80000)
Event: 569.814 GC heap after
Heap after GC invocations=47 (full 2):
 PSYoungGen      total 226368K, used 64483K [0x00000000eaab0000, 0x00000000ffbf0000, 0x0000000100000000)
  eden space 115200K, 0% used [0x00000000eaab0000,0x00000000eaab0000,0x00000000f1b30000)
  from space 111168K, 58% used [0x00000000f1b30000,0x00000000f5a28e60,0x00000000f87c0000)
  to   space 112192K, 0% used [0x00000000f8e60000,0x00000000f8e60000,0x00000000ffbf0000)
 ParOldGen       total 518464K, used 266045K [0x00000000c0000000, 0x00000000dfa50000, 0x00000000eaab0000)
  object space 518464K, 51% used [0x00000000c0000000,0x00000000d03cf7a0,0x00000000dfa50000)
 PSPermGen       total 242176K, used 131279K [0x00000000b0000000, 0x00000000bec80000, 0x00000000c0000000)
  object space 242176K, 54% used [0x00000000b0000000,0x00000000b8033f30,0x00000000bec80000)
}
Event: 577.968 GC heap before
{Heap before GC invocations=48 (full 2):
 PSYoungGen      total 226368K, used 179683K [0x00000000eaab0000, 0x00000000ffbf0000, 0x0000000100000000)
  eden space 115200K, 100% used [0x00000000eaab0000,0x00000000f1b30000,0x00000000f1b30000)
  from space 111168K, 58% used [0x00000000f1b30000,0x00000000f5a28e60,0x00000000f87c0000)
  to   space 112192K, 0% used [0x00000000f8e60000,0x00000000f8e60000,0x00000000ffbf0000)
 ParOldGen       total 518464K, used 266045K [0x00000000c0000000, 0x00000000dfa50000, 0x00000000eaab0000)
  object space 518464K, 51% used [0x00000000c0000000,0x00000000d03cf7a0,0x00000000dfa50000)
 PSPermGen       total 242176K, used 131289K [0x00000000b0000000, 0x00000000bec80000, 0x00000000c0000000)
  object space 242176K, 54% used [0x00000000b0000000,0x00000000b8036778,0x00000000bec80000)
Event: 578.014 GC heap after
Heap after GC invocations=48 (full 2):
 PSYoungGen      total 232128K, used 66217K [0x00000000eaab0000, 0x00000000ffd20000, 0x0000000100000000)
  eden space 119936K, 0% used [0x00000000eaab0000,0x00000000eaab0000,0x00000000f1fd0000)
  from space 112192K, 59% used [0x00000000f8e60000,0x00000000fcf0a590,0x00000000ffbf0000)
  to   space 113216K, 0% used [0x00000000f1fd0000,0x00000000f1fd0000,0x00000000f8e60000)
 ParOldGen       total 518464K, used 266045K [0x00000000c0000000, 0x00000000dfa50000, 0x00000000eaab0000)
  object space 518464K, 51% used [0x00000000c0000000,0x00000000d03cf7a0,0x00000000dfa50000)
 PSPermGen       total 242176K, used 131289K [0x00000000b0000000, 0x00000000bec80000, 0x00000000c0000000)
  object space 242176K, 54% used [0x00000000b0000000,0x00000000b8036778,0x00000000bec80000)
}
Event: 643.444 GC heap before
{Heap before GC invocations=49 (full 2):
 PSYoungGen      total 232128K, used 186153K [0x00000000eaab0000, 0x00000000ffd20000, 0x0000000100000000)
  eden space 119936K, 100% used [0x00000000eaab0000,0x00000000f1fd0000,0x00000000f1fd0000)
  from space 112192K, 59% used [0x00000000f8e60000,0x00000000fcf0a590,0x00000000ffbf0000)
  to   space 113216K, 0% used [0x00000000f1fd0000,0x00000000f1fd0000,0x00000000f8e60000)
 ParOldGen       total 518464K, used 266045K [0x00000000c0000000, 0x00000000dfa50000, 0x00000000eaab0000)
  object space 518464K, 51% used [0x00000000c0000000,0x00000000d03cf7a0,0x00000000dfa50000)
 PSPermGen       total 242176K, used 131478K [0x00000000b0000000, 0x00000000bec80000, 0x00000000c0000000)
  object space 242176K, 54% used [0x00000000b0000000,0x00000000b8065810,0x00000000bec80000)
Event: 643.460 GC heap after
Heap after GC invocations=49 (full 2):
 PSYoungGen      total 233152K, used 19794K [0x00000000eaab0000, 0x00000000ffd50000, 0x0000000100000000)
  eden space 119936K, 0% used [0x00000000eaab0000,0x00000000eaab0000,0x00000000f1fd0000)
  from space 113216K, 17% used [0x00000000f1fd0000,0x00000000f3324b60,0x00000000f8e60000)
  to   space 111360K, 0% used [0x00000000f9090000,0x00000000f9090000,0x00000000ffd50000)
 ParOldGen       total 518464K, used 266045K [0x00000000c0000000, 0x00000000dfa50000, 0x00000000eaab0000)
  object space 518464K, 51% used [0x00000000c0000000,0x00000000d03cf7a0,0x00000000dfa50000)
 PSPermGen       total 242176K, used 131478K [0x00000000b0000000, 0x00000000bec80000, 0x00000000c0000000)
  object space 242176K, 54% used [0x00000000b0000000,0x00000000b8065810,0x00000000bec80000)
}
Event: 644.429 GC heap before
{Heap before GC invocations=50 (full 2):
 PSYoungGen      total 233152K, used 139730K [0x00000000eaab0000, 0x00000000ffd50000, 0x0000000100000000)
  eden space 119936K, 100% used [0x00000000eaab0000,0x00000000f1fd0000,0x00000000f1fd0000)
  from space 113216K, 17% used [0x00000000f1fd0000,0x00000000f3324b60,0x00000000f8e60000)
  to   space 111360K, 0% used [0x00000000f9090000,0x00000000f9090000,0x00000000ffd50000)
 ParOldGen       total 518464K, used 266045K [0x00000000c0000000, 0x00000000dfa50000, 0x00000000eaab0000)
  object space 518464K, 51% used [0x00000000c0000000,0x00000000d03cf7a0,0x00000000dfa50000)
 PSPermGen       total 242176K, used 131805K [0x00000000b0000000, 0x00000000bec80000, 0x00000000c0000000)
  object space 242176K, 54% used [0x00000000b0000000,0x00000000b80b7730,0x00000000bec80000)

