# JRE version: 7.0_21-b11
# Java VM: Java HotSpot(TM) 64-Bit Server VM (23.21-b01 mixed mode windows-amd64 compressed oops)
Heap
 PSYoungGen      total 167296K, used 167287K [0x00000000eaab0000, 0x00000000ff450000, 0x0000000100000000)
  eden space 139648K, 100% used [0x00000000eaab0000,0x00000000f3310000,0x00000000f3310000)
  from space 27648K, 99% used [0x00000000f3310000,0x00000000f4e0dc68,0x00000000f4e10000)
  to   space 98944K, 34% used [0x00000000f93b0000,0x00000000fb52bcb8,0x00000000ff450000)
 ParOldGen       total 422848K, used 174595K [0x00000000c0000000, 0x00000000d9cf0000, 0x00000000eaab0000)
  object space 422848K, 41% used [0x00000000c0000000,0x00000000caa80f88,0x00000000d9cf0000)
 PSPermGen       total 203008K, used 124297K [0x00000000b0000000, 0x00000000bc640000, 0x00000000c0000000)
  object space 203008K, 61% used [0x00000000b0000000,0x00000000b79624e0,0x00000000bc640000)
GC Heap History (10 events):
Event: 2118.581 GC heap after
Heap after GC invocations=40 (full 2):
 PSYoungGen      total 236672K, used 78866K [0x00000000eaab0000, 0x0000000100000000, 0x0000000100000000)
  eden space 147392K, 0% used [0x00000000eaab0000,0x00000000eaab0000,0x00000000f3aa0000)
  from space 89280K, 88% used [0x00000000fa8d0000,0x00000000ff5d4a58,0x0000000100000000)
  to   space 101056K, 0% used [0x00000000f3aa0000,0x00000000f3aa0000,0x00000000f9d50000)
 ParOldGen       total 393856K, used 298494K [0x00000000c0000000, 0x00000000d80a0000, 0x00000000eaab0000)
  object space 393856K, 75% used [0x00000000c0000000,0x00000000d237f940,0x00000000d80a0000)
 PSPermGen       total 181824K, used 124876K [0x00000000b0000000, 0x00000000bb190000, 0x00000000c0000000)
  object space 181824K, 68% used [0x00000000b0000000,0x00000000b79f30c0,0x00000000bb190000)
}
Event: 2122.357 GC heap before
{Heap before GC invocations=41 (full 2):
 PSYoungGen      total 236672K, used 226258K [0x00000000eaab0000, 0x0000000100000000, 0x0000000100000000)
  eden space 147392K, 100% used [0x00000000eaab0000,0x00000000f3aa0000,0x00000000f3aa0000)
  from space 89280K, 88% used [0x00000000fa8d0000,0x00000000ff5d4a58,0x0000000100000000)
  to   space 101056K, 0% used [0x00000000f3aa0000,0x00000000f3aa0000,0x00000000f9d50000)
 ParOldGen       total 393856K, used 298494K [0x00000000c0000000, 0x00000000d80a0000, 0x00000000eaab0000)
  object space 393856K, 75% used [0x00000000c0000000,0x00000000d237f940,0x00000000d80a0000)
 PSPermGen       total 181824K, used 125361K [0x00000000b0000000, 0x00000000bb190000, 0x00000000c0000000)
  object space 181824K, 68% used [0x00000000b0000000,0x00000000b7a6c6a0,0x00000000bb190000)
Event: 2122.414 GC heap after
Heap after GC invocations=41 (full 2):
 PSYoungGen      total 212608K, used 65208K [0x00000000eaab0000, 0x0000000100000000, 0x0000000100000000)
  eden space 147392K, 0% used [0x00000000eaab0000,0x00000000eaab0000,0x00000000f3aa0000)
  from space 65216K, 99% used [0x00000000f3aa0000,0x00000000f7a4e080,0x00000000f7a50000)
  to   space 105344K, 0% used [0x00000000f9920000,0x00000000f9920000,0x0000000100000000)
 ParOldGen       total 393856K, used 334187K [0x00000000c0000000, 0x00000000d80a0000, 0x00000000eaab0000)
  object space 393856K, 84% used [0x00000000c0000000,0x00000000d465ac48,0x00000000d80a0000)
 PSPermGen       total 181824K, used 125361K [0x00000000b0000000, 0x00000000bb190000, 0x00000000c0000000)
  object space 181824K, 68% used [0x00000000b0000000,0x00000000b7a6c6a0,0x00000000bb190000)
}
Event: 2122.414 GC heap before
{Heap before GC invocations=42 (full 3):
 PSYoungGen      total 212608K, used 65208K [0x00000000eaab0000, 0x0000000100000000, 0x0000000100000000)
  eden space 147392K, 0% used [0x00000000eaab0000,0x00000000eaab0000,0x00000000f3aa0000)
  from space 65216K, 99% used [0x00000000f3aa0000,0x00000000f7a4e080,0x00000000f7a50000)
  to   space 105344K, 0% used [0x00000000f9920000,0x00000000f9920000,0x0000000100000000)
 ParOldGen       total 393856K, used 334187K [0x00000000c0000000, 0x00000000d80a0000, 0x00000000eaab0000)
  object space 393856K, 84% used [0x00000000c0000000,0x00000000d465ac48,0x00000000d80a0000)
 PSPermGen       total 181824K, used 125361K [0x00000000b0000000, 0x00000000bb190000, 0x00000000c0000000)
  object space 181824K, 68% used [0x00000000b0000000,0x00000000b7a6c6a0,0x00000000bb190000)
Event: 2122.918 GC heap after
Heap after GC invocations=42 (full 3):
 PSYoungGen      total 212608K, used 0K [0x00000000eaab0000, 0x0000000100000000, 0x0000000100000000)
  eden space 147392K, 0% used [0x00000000eaab0000,0x00000000eaab0000,0x00000000f3aa0000)
  from space 65216K, 0% used [0x00000000f3aa0000,0x00000000f3aa0000,0x00000000f7a50000)
  to   space 105344K, 0% used [0x00000000f9920000,0x00000000f9920000,0x0000000100000000)
 ParOldGen       total 422848K, used 144585K [0x00000000c0000000, 0x00000000d9cf0000, 0x00000000eaab0000)
  object space 422848K, 34% used [0x00000000c0000000,0x00000000c8d327c8,0x00000000d9cf0000)
 PSPermGen       total 203008K, used 122476K [0x00000000b0000000, 0x00000000bc640000, 0x00000000c0000000)
  object space 203008K, 60% used [0x00000000b0000000,0x00000000b779b320,0x00000000bc640000)
}
Event: 2199.778 GC heap before
{Heap before GC invocations=43 (full 3):
 PSYoungGen      total 212608K, used 147392K [0x00000000eaab0000, 0x0000000100000000, 0x0000000100000000)
  eden space 147392K, 100% used [0x00000000eaab0000,0x00000000f3aa0000,0x00000000f3aa0000)
  from space 65216K, 0% used [0x00000000f3aa0000,0x00000000f3aa0000,0x00000000f7a50000)
  to   space 105344K, 0% used [0x00000000f9920000,0x00000000f9920000,0x0000000100000000)
 ParOldGen       total 422848K, used 144585K [0x00000000c0000000, 0x00000000d9cf0000, 0x00000000eaab0000)
  object space 422848K, 34% used [0x00000000c0000000,0x00000000c8d327c8,0x00000000d9cf0000)
 PSPermGen       total 203008K, used 123739K [0x00000000b0000000, 0x00000000bc640000, 0x00000000c0000000)
  object space 203008K, 60% used [0x00000000b0000000,0x00000000b78d6da8,0x00000000bc640000)
Event: 2199.783 GC heap after
Heap after GC invocations=43 (full 3):
 PSYoungGen      total 244992K, used 4829K [0x00000000eaab0000, 0x0000000100000000, 0x0000000100000000)
  eden space 139648K, 0% used [0x00000000eaab0000,0x00000000eaab0000,0x00000000f3310000)
  from space 105344K, 4% used [0x00000000f9920000,0x00000000f9dd7598,0x0000000100000000)
  to   space 104512K, 0% used [0x00000000f3310000,0x00000000f3310000,0x00000000f9920000)
 ParOldGen       total 422848K, used 144585K [0x00000000c0000000, 0x00000000d9cf0000, 0x00000000eaab0000)
  object space 422848K, 34% used [0x00000000c0000000,0x00000000c8d327c8,0x00000000d9cf0000)
 PSPermGen       total 203008K, used 123739K [0x00000000b0000000, 0x00000000bc640000, 0x00000000c0000000)
  object space 203008K, 60% used [0x00000000b0000000,0x00000000b78d6da8,0x00000000bc640000)
}
Event: 2200.084 GC heap before
{Heap before GC invocations=44 (full 3):
 PSYoungGen      total 244992K, used 144477K [0x00000000eaab0000, 0x0000000100000000, 0x0000000100000000)
  eden space 139648K, 100% used [0x00000000eaab0000,0x00000000f3310000,0x00000000f3310000)
  from space 105344K, 4% used [0x00000000f9920000,0x00000000f9dd7598,0x0000000100000000)
  to   space 104512K, 0% used [0x00000000f3310000,0x00000000f3310000,0x00000000f9920000)
 ParOldGen       total 422848K, used 144585K [0x00000000c0000000, 0x00000000d9cf0000, 0x00000000eaab0000)
  object space 422848K, 34% used [0x00000000c0000000,0x00000000c8d327c8,0x00000000d9cf0000)
 PSPermGen       total 203008K, used 123919K [0x00000000b0000000, 0x00000000bc640000, 0x00000000c0000000)
  object space 203008K, 61% used [0x00000000b0000000,0x00000000b7903d38,0x00000000bc640000)
Event: 2200.102 GC heap after
Heap after GC invocations=44 (full 3):
 PSYoungGen      total 167296K, used 27639K [0x00000000eaab0000, 0x00000000ff450000, 0x0000000100000000)
  eden space 139648K, 0% used [0x00000000eaab0000,0x00000000eaab0000,0x00000000f3310000)
  from space 27648K, 99% used [0x00000000f3310000,0x00000000f4e0dc68,0x00000000f4e10000)
  to   space 98944K, 0% used [0x00000000f93b0000,0x00000000f93b0000,0x00000000ff450000)
 ParOldGen       total 422848K, used 147443K [0x00000000c0000000, 0x00000000d9cf0000, 0x00000000eaab0000)
  object space 422848K, 34% used [0x00000000c0000000,0x00000000c8ffcf78,0x00000000d9cf0000)
 PSPermGen       total 203008K, used 123919K [0x00000000b0000000, 0x00000000bc640000, 0x00000000c0000000)
  object space 203008K, 61% used [0x00000000b0000000,0x00000000b7903d38,0x00000000bc640000)
}
Event: 2202.401 GC heap before
{Heap before GC invocations=45 (full 3):
 PSYoungGen      total 167296K, used 167287K [0x00000000eaab0000, 0x00000000ff450000, 0x0000000100000000)
  eden space 139648K, 100% used [0x00000000eaab0000,0x00000000f3310000,0x00000000f3310000)
  from space 27648K, 99% used [0x00000000f3310000,0x00000000f4e0dc68,0x00000000f4e10000)
  to   space 98944K, 0% used [0x00000000f93b0000,0x00000000f93b0000,0x00000000ff450000)
 ParOldGen       total 422848K, used 147443K [0x00000000c0000000, 0x00000000d9cf0000, 0x00000000eaab0000)
  object space 422848K, 34% used [0x00000000c0000000,0x00000000c8ffcf78,0x00000000d9cf0000)
 PSPermGen       total 203008K, used 124297K [0x00000000b0000000, 0x00000000bc640000, 0x00000000c0000000)
  object space 203008K, 61% used [0x00000000b0000000,0x00000000b79624e0,0x00000000bc640000)

