# JRE version: 7.0_21-b11
# Java VM: Java HotSpot(TM) 64-Bit Server VM (23.21-b01 mixed mode windows-amd64 compressed oops)
Heap
 PSYoungGen      total 254528K, used 210578K [0x00000000eaab0000, 0x00000000ff440000, 0x0000000100000000)
  eden space 179392K, 100% used [0x00000000eaab0000,0x00000000f59e0000,0x00000000f59e0000)
  from space 75136K, 41% used [0x00000000faae0000,0x00000000fc954970,0x00000000ff440000)
  to   space 79040K, 51% used [0x00000000f59e0000,0x00000000f819a488,0x00000000fa710000)
 ParOldGen       total 349568K, used 151628K [0x00000000c0000000, 0x00000000d5560000, 0x00000000eaab0000)
  object space 349568K, 43% used [0x00000000c0000000,0x00000000c94133a8,0x00000000d5560000)
 PSPermGen       total 126208K, used 62723K [0x00000000b0000000, 0x00000000b7b40000, 0x00000000c0000000)
  object space 126208K, 49% used [0x00000000b0000000,0x00000000b3d40c38,0x00000000b7b40000)
GC Heap History (10 events):
Event: 13.805 GC heap after
Heap after GC invocations=17 (full 0):
 PSYoungGen      total 242496K, used 32064K [0x00000000eaab0000, 0x00000000ffbd0000, 0x0000000100000000)
  eden space 146816K, 0% used [0x00000000eaab0000,0x00000000eaab0000,0x00000000f3a10000)
  from space 95680K, 33% used [0x00000000f3a10000,0x00000000f5960070,0x00000000f9780000)
  to   space 90880K, 0% used [0x00000000fa310000,0x00000000fa310000,0x00000000ffbd0000)
 ParOldGen       total 349568K, used 308645K [0x00000000c0000000, 0x00000000d5560000, 0x00000000eaab0000)
  object space 349568K, 88% used [0x00000000c0000000,0x00000000d2d69478,0x00000000d5560000)
 PSPermGen       total 63104K, used 62983K [0x00000000b0000000, 0x00000000b3da0000, 0x00000000c0000000)
  object space 63104K, 99% used [0x00000000b0000000,0x00000000b3d81f98,0x00000000b3da0000)
}
Event: 13.805 GC heap before
{Heap before GC invocations=18 (full 1):
 PSYoungGen      total 242496K, used 32064K [0x00000000eaab0000, 0x00000000ffbd0000, 0x0000000100000000)
  eden space 146816K, 0% used [0x00000000eaab0000,0x00000000eaab0000,0x00000000f3a10000)
  from space 95680K, 33% used [0x00000000f3a10000,0x00000000f5960070,0x00000000f9780000)
  to   space 90880K, 0% used [0x00000000fa310000,0x00000000fa310000,0x00000000ffbd0000)
 ParOldGen       total 349568K, used 308645K [0x00000000c0000000, 0x00000000d5560000, 0x00000000eaab0000)
  object space 349568K, 88% used [0x00000000c0000000,0x00000000d2d69478,0x00000000d5560000)
 PSPermGen       total 63104K, used 62983K [0x00000000b0000000, 0x00000000b3da0000, 0x00000000c0000000)
  object space 63104K, 99% used [0x00000000b0000000,0x00000000b3d81f98,0x00000000b3da0000)
Event: 14.101 GC heap after
Heap after GC invocations=18 (full 1):
 PSYoungGen      total 242496K, used 0K [0x00000000eaab0000, 0x00000000ffbd0000, 0x0000000100000000)
  eden space 146816K, 0% used [0x00000000eaab0000,0x00000000eaab0000,0x00000000f3a10000)
  from space 95680K, 0% used [0x00000000f3a10000,0x00000000f3a10000,0x00000000f9780000)
  to   space 90880K, 0% used [0x00000000fa310000,0x00000000fa310000,0x00000000ffbd0000)
 ParOldGen       total 349568K, used 59674K [0x00000000c0000000, 0x00000000d5560000, 0x00000000eaab0000)
  object space 349568K, 17% used [0x00000000c0000000,0x00000000c3a46a38,0x00000000d5560000)
 PSPermGen       total 126208K, used 62709K [0x00000000b0000000, 0x00000000b7b40000, 0x00000000c0000000)
  object space 126208K, 49% used [0x00000000b0000000,0x00000000b3d3d540,0x00000000b7b40000)
}
Event: 14.233 GC heap before
{Heap before GC invocations=19 (full 1):
 PSYoungGen      total 242496K, used 146816K [0x00000000eaab0000, 0x00000000ffbd0000, 0x0000000100000000)
  eden space 146816K, 100% used [0x00000000eaab0000,0x00000000f3a10000,0x00000000f3a10000)
  from space 95680K, 0% used [0x00000000f3a10000,0x00000000f3a10000,0x00000000f9780000)
  to   space 90880K, 0% used [0x00000000fa310000,0x00000000fa310000,0x00000000ffbd0000)
 ParOldGen       total 349568K, used 59674K [0x00000000c0000000, 0x00000000d5560000, 0x00000000eaab0000)
  object space 349568K, 17% used [0x00000000c0000000,0x00000000c3a46a38,0x00000000d5560000)
 PSPermGen       total 126208K, used 62709K [0x00000000b0000000, 0x00000000b7b40000, 0x00000000c0000000)
  object space 126208K, 49% used [0x00000000b0000000,0x00000000b3d3d540,0x00000000b7b40000)
Event: 14.250 GC heap after
Heap after GC invocations=19 (full 1):
 PSYoungGen      total 245888K, used 27616K [0x00000000eaab0000, 0x00000000ff410000, 0x0000000100000000)
  eden space 162944K, 0% used [0x00000000eaab0000,0x00000000eaab0000,0x00000000f49d0000)
  from space 82944K, 33% used [0x00000000fa310000,0x00000000fbe08000,0x00000000ff410000)
  to   space 87168K, 0% used [0x00000000f49d0000,0x00000000f49d0000,0x00000000f9ef0000)
 ParOldGen       total 349568K, used 59674K [0x00000000c0000000, 0x00000000d5560000, 0x00000000eaab0000)
  object space 349568K, 17% used [0x00000000c0000000,0x00000000c3a46a38,0x00000000d5560000)
 PSPermGen       total 126208K, used 62709K [0x00000000b0000000, 0x00000000b7b40000, 0x00000000c0000000)
  object space 126208K, 49% used [0x00000000b0000000,0x00000000b3d3d540,0x00000000b7b40000)
}
Event: 14.397 GC heap before
{Heap before GC invocations=20 (full 1):
 PSYoungGen      total 245888K, used 190560K [0x00000000eaab0000, 0x00000000ff410000, 0x0000000100000000)
  eden space 162944K, 100% used [0x00000000eaab0000,0x00000000f49d0000,0x00000000f49d0000)
  from space 82944K, 33% used [0x00000000fa310000,0x00000000fbe08000,0x00000000ff410000)
  to   space 87168K, 0% used [0x00000000f49d0000,0x00000000f49d0000,0x00000000f9ef0000)
 ParOldGen       total 349568K, used 59674K [0x00000000c0000000, 0x00000000d5560000, 0x00000000eaab0000)
  object space 349568K, 17% used [0x00000000c0000000,0x00000000c3a46a38,0x00000000d5560000)
 PSPermGen       total 126208K, used 62709K [0x00000000b0000000, 0x00000000b7b40000, 0x00000000c0000000)
  object space 126208K, 49% used [0x00000000b0000000,0x00000000b3d3d540,0x00000000b7b40000)
Event: 14.436 GC heap after
Heap after GC invocations=20 (full 1):
 PSYoungGen      total 250112K, used 31446K [0x00000000eaab0000, 0x00000000ffbe0000, 0x0000000100000000)
  eden space 162944K, 0% used [0x00000000eaab0000,0x00000000eaab0000,0x00000000f49d0000)
  from space 87168K, 36% used [0x00000000f49d0000,0x00000000f6885ba8,0x00000000f9ef0000)
  to   space 82944K, 0% used [0x00000000faae0000,0x00000000faae0000,0x00000000ffbe0000)
 ParOldGen       total 349568K, used 87698K [0x00000000c0000000, 0x00000000d5560000, 0x00000000eaab0000)
  object space 349568K, 25% used [0x00000000c0000000,0x00000000c55a4a38,0x00000000d5560000)
 PSPermGen       total 126208K, used 62709K [0x00000000b0000000, 0x00000000b7b40000, 0x00000000c0000000)
  object space 126208K, 49% used [0x00000000b0000000,0x00000000b3d3d540,0x00000000b7b40000)
}
Event: 14.586 GC heap before
{Heap before GC invocations=21 (full 1):
 PSYoungGen      total 250112K, used 194390K [0x00000000eaab0000, 0x00000000ffbe0000, 0x0000000100000000)
  eden space 162944K, 100% used [0x00000000eaab0000,0x00000000f49d0000,0x00000000f49d0000)
  from space 87168K, 36% used [0x00000000f49d0000,0x00000000f6885ba8,0x00000000f9ef0000)
  to   space 82944K, 0% used [0x00000000faae0000,0x00000000faae0000,0x00000000ffbe0000)
 ParOldGen       total 349568K, used 87698K [0x00000000c0000000, 0x00000000d5560000, 0x00000000eaab0000)
  object space 349568K, 25% used [0x00000000c0000000,0x00000000c55a4a38,0x00000000d5560000)
 PSPermGen       total 126208K, used 62709K [0x00000000b0000000, 0x00000000b7b40000, 0x00000000c0000000)
  object space 126208K, 49% used [0x00000000b0000000,0x00000000b3d3d690,0x00000000b7b40000)
Event: 14.625 GC heap after
Heap after GC invocations=21 (full 1):
 PSYoungGen      total 254528K, used 31186K [0x00000000eaab0000, 0x00000000ff440000, 0x0000000100000000)
  eden space 179392K, 0% used [0x00000000eaab0000,0x00000000eaab0000,0x00000000f59e0000)
  from space 75136K, 41% used [0x00000000faae0000,0x00000000fc954970,0x00000000ff440000)
  to   space 79040K, 0% used [0x00000000f59e0000,0x00000000f59e0000,0x00000000fa710000)
 ParOldGen       total 349568K, used 119810K [0x00000000c0000000, 0x00000000d5560000, 0x00000000eaab0000)
  object space 349568K, 34% used [0x00000000c0000000,0x00000000c7500a38,0x00000000d5560000)
 PSPermGen       total 126208K, used 62709K [0x00000000b0000000, 0x00000000b7b40000, 0x00000000c0000000)
  object space 126208K, 49% used [0x00000000b0000000,0x00000000b3d3d690,0x00000000b7b40000)
}
Event: 15.084 GC heap before
{Heap before GC invocations=22 (full 1):
 PSYoungGen      total 254528K, used 210578K [0x00000000eaab0000, 0x00000000ff440000, 0x0000000100000000)
  eden space 179392K, 100% used [0x00000000eaab0000,0x00000000f59e0000,0x00000000f59e0000)
  from space 75136K, 41% used [0x00000000faae0000,0x00000000fc954970,0x00000000ff440000)
  to   space 79040K, 0% used [0x00000000f59e0000,0x00000000f59e0000,0x00000000fa710000)
 ParOldGen       total 349568K, used 119810K [0x00000000c0000000, 0x00000000d5560000, 0x00000000eaab0000)
  object space 349568K, 34% used [0x00000000c0000000,0x00000000c7500a38,0x00000000d5560000)
 PSPermGen       total 126208K, used 62723K [0x00000000b0000000, 0x00000000b7b40000, 0x00000000c0000000)
  object space 126208K, 49% used [0x00000000b0000000,0x00000000b3d40c38,0x00000000b7b40000)

