# JRE version: 7.0_21-b11
# Java VM: Java HotSpot(TM) 64-Bit Server VM (23.21-b01 mixed mode windows-amd64 compressed oops)
Heap
 PSYoungGen      total 152896K, used 152893K [0x00000000eaab0000, 0x0000000100000000, 0x0000000100000000)
  eden space 131072K, 100% used [0x00000000eaab0000,0x00000000f2ab0000,0x00000000f2ab0000)
  from space 21824K, 99% used [0x00000000f2ab0000,0x00000000f3fff4c8,0x00000000f4000000)
  to   space 55360K, 99% used [0x00000000fc9f0000,0x00000000ffff8108,0x0000000100000000)
 ParOldGen       total 349568K, used 56001K [0x00000000c0000000, 0x00000000d5560000, 0x00000000eaab0000)
  object space 349568K, 16% used [0x00000000c0000000,0x00000000c36b0640,0x00000000d5560000)
 PSPermGen       total 78080K, used 78024K [0x00000000b0000000, 0x00000000b4c40000, 0x00000000c0000000)
  object space 78080K, 99% used [0x00000000b0000000,0x00000000b4c322e0,0x00000000b4c40000)
GC Heap History (10 events):
Event: 2.017 GC heap after
Heap after GC invocations=1 (full 0):
 PSYoungGen      total 152896K, used 15628K [0x00000000eaab0000, 0x00000000f5550000, 0x0000000100000000)
  eden space 131072K, 0% used [0x00000000eaab0000,0x00000000eaab0000,0x00000000f2ab0000)
  from space 21824K, 71% used [0x00000000f2ab0000,0x00000000f39f3120,0x00000000f4000000)
  to   space 21824K, 0% used [0x00000000f4000000,0x00000000f4000000,0x00000000f5550000)
 ParOldGen       total 349568K, used 8K [0x00000000c0000000, 0x00000000d5560000, 0x00000000eaab0000)
  object space 349568K, 0% used [0x00000000c0000000,0x00000000c0002000,0x00000000d5560000)
 PSPermGen       total 23360K, used 23173K [0x00000000b0000000, 0x00000000b16d0000, 0x00000000c0000000)
  object space 23360K, 99% used [0x00000000b0000000,0x00000000b16a15d0,0x00000000b16d0000)
}
Event: 3.063 GC heap before
{Heap before GC invocations=2 (full 0):
 PSYoungGen      total 152896K, used 146700K [0x00000000eaab0000, 0x00000000f5550000, 0x0000000100000000)
  eden space 131072K, 100% used [0x00000000eaab0000,0x00000000f2ab0000,0x00000000f2ab0000)
  from space 21824K, 71% used [0x00000000f2ab0000,0x00000000f39f3120,0x00000000f4000000)
  to   space 21824K, 0% used [0x00000000f4000000,0x00000000f4000000,0x00000000f5550000)
 ParOldGen       total 349568K, used 8K [0x00000000c0000000, 0x00000000d5560000, 0x00000000eaab0000)
  object space 349568K, 0% used [0x00000000c0000000,0x00000000c0002000,0x00000000d5560000)
 PSPermGen       total 28736K, used 28736K [0x00000000b0000000, 0x00000000b1c10000, 0x00000000c0000000)
  object space 28736K, 100% used [0x00000000b0000000,0x00000000b1c10000,0x00000000b1c10000)
Event: 3.073 GC heap after
Heap after GC invocations=2 (full 0):
 PSYoungGen      total 152896K, used 9175K [0x00000000eaab0000, 0x00000000f5550000, 0x0000000100000000)
  eden space 131072K, 0% used [0x00000000eaab0000,0x00000000eaab0000,0x00000000f2ab0000)
  from space 21824K, 42% used [0x00000000f4000000,0x00000000f48f5ef8,0x00000000f5550000)
  to   space 21824K, 0% used [0x00000000f2ab0000,0x00000000f2ab0000,0x00000000f4000000)
 ParOldGen       total 349568K, used 16K [0x00000000c0000000, 0x00000000d5560000, 0x00000000eaab0000)
  object space 349568K, 0% used [0x00000000c0000000,0x00000000c0004000,0x00000000d5560000)
 PSPermGen       total 28736K, used 28736K [0x00000000b0000000, 0x00000000b1c10000, 0x00000000c0000000)
  object space 28736K, 100% used [0x00000000b0000000,0x00000000b1c10000,0x00000000b1c10000)
}
Event: 6.746 GC heap before
{Heap before GC invocations=3 (full 0):
 PSYoungGen      total 152896K, used 140247K [0x00000000eaab0000, 0x00000000f5550000, 0x0000000100000000)
  eden space 131072K, 100% used [0x00000000eaab0000,0x00000000f2ab0000,0x00000000f2ab0000)
  from space 21824K, 42% used [0x00000000f4000000,0x00000000f48f5ef8,0x00000000f5550000)
  to   space 21824K, 0% used [0x00000000f2ab0000,0x00000000f2ab0000,0x00000000f4000000)
 ParOldGen       total 349568K, used 16K [0x00000000c0000000, 0x00000000d5560000, 0x00000000eaab0000)
  object space 349568K, 0% used [0x00000000c0000000,0x00000000c0004000,0x00000000d5560000)
 PSPermGen       total 41600K, used 41442K [0x00000000b0000000, 0x00000000b28a0000, 0x00000000c0000000)
  object space 41600K, 99% used [0x00000000b0000000,0x00000000b2878998,0x00000000b28a0000)
Event: 6.762 GC heap after
Heap after GC invocations=3 (full 0):
 PSYoungGen      total 152896K, used 16282K [0x00000000eaab0000, 0x00000000f5550000, 0x0000000100000000)
  eden space 131072K, 0% used [0x00000000eaab0000,0x00000000eaab0000,0x00000000f2ab0000)
  from space 21824K, 74% used [0x00000000f2ab0000,0x00000000f3a96a50,0x00000000f4000000)
  to   space 21824K, 0% used [0x00000000f4000000,0x00000000f4000000,0x00000000f5550000)
 ParOldGen       total 349568K, used 24K [0x00000000c0000000, 0x00000000d5560000, 0x00000000eaab0000)
  object space 349568K, 0% used [0x00000000c0000000,0x00000000c0006000,0x00000000d5560000)
 PSPermGen       total 41600K, used 41442K [0x00000000b0000000, 0x00000000b28a0000, 0x00000000c0000000)
  object space 41600K, 99% used [0x00000000b0000000,0x00000000b2878998,0x00000000b28a0000)
}
Event: 7.981 GC heap before
{Heap before GC invocations=4 (full 0):
 PSYoungGen      total 152896K, used 147354K [0x00000000eaab0000, 0x00000000f5550000, 0x0000000100000000)
  eden space 131072K, 100% used [0x00000000eaab0000,0x00000000f2ab0000,0x00000000f2ab0000)
  from space 21824K, 74% used [0x00000000f2ab0000,0x00000000f3a96a50,0x00000000f4000000)
  to   space 21824K, 0% used [0x00000000f4000000,0x00000000f4000000,0x00000000f5550000)
 ParOldGen       total 349568K, used 24K [0x00000000c0000000, 0x00000000d5560000, 0x00000000eaab0000)
  object space 349568K, 0% used [0x00000000c0000000,0x00000000c0006000,0x00000000d5560000)
 PSPermGen       total 55232K, used 55131K [0x00000000b0000000, 0x00000000b35f0000, 0x00000000c0000000)
  object space 55232K, 99% used [0x00000000b0000000,0x00000000b35d6f88,0x00000000b35f0000)
Event: 8.003 GC heap after
Heap after GC invocations=4 (full 0):
 PSYoungGen      total 152896K, used 21799K [0x00000000eaab0000, 0x00000000f5550000, 0x0000000100000000)
  eden space 131072K, 0% used [0x00000000eaab0000,0x00000000eaab0000,0x00000000f2ab0000)
  from space 21824K, 99% used [0x00000000f4000000,0x00000000f5549f48,0x00000000f5550000)
  to   space 21824K, 0% used [0x00000000f2ab0000,0x00000000f2ab0000,0x00000000f4000000)
 ParOldGen       total 349568K, used 13206K [0x00000000c0000000, 0x00000000d5560000, 0x00000000eaab0000)
  object space 349568K, 3% used [0x00000000c0000000,0x00000000c0ce5870,0x00000000d5560000)
 PSPermGen       total 55232K, used 55131K [0x00000000b0000000, 0x00000000b35f0000, 0x00000000c0000000)
  object space 55232K, 99% used [0x00000000b0000000,0x00000000b35d6f88,0x00000000b35f0000)
}
Event: 9.012 GC heap before
{Heap before GC invocations=5 (full 0):
 PSYoungGen      total 152896K, used 152871K [0x00000000eaab0000, 0x00000000f5550000, 0x0000000100000000)
  eden space 131072K, 100% used [0x00000000eaab0000,0x00000000f2ab0000,0x00000000f2ab0000)
  from space 21824K, 99% used [0x00000000f4000000,0x00000000f5549f48,0x00000000f5550000)
  to   space 21824K, 0% used [0x00000000f2ab0000,0x00000000f2ab0000,0x00000000f4000000)
 ParOldGen       total 349568K, used 13206K [0x00000000c0000000, 0x00000000d5560000, 0x00000000eaab0000)
  object space 349568K, 3% used [0x00000000c0000000,0x00000000c0ce5870,0x00000000d5560000)
 PSPermGen       total 67520K, used 67505K [0x00000000b0000000, 0x00000000b41f0000, 0x00000000c0000000)
  object space 67520K, 99% used [0x00000000b0000000,0x00000000b41ec700,0x00000000b41f0000)
Event: 9.047 GC heap after
Heap after GC invocations=5 (full 0):
 PSYoungGen      total 152896K, used 21821K [0x00000000eaab0000, 0x0000000100000000, 0x0000000100000000)
  eden space 131072K, 0% used [0x00000000eaab0000,0x00000000eaab0000,0x00000000f2ab0000)
  from space 21824K, 99% used [0x00000000f2ab0000,0x00000000f3fff4c8,0x00000000f4000000)
  to   space 55360K, 0% used [0x00000000fc9f0000,0x00000000fc9f0000,0x0000000100000000)
 ParOldGen       total 349568K, used 44617K [0x00000000c0000000, 0x00000000d5560000, 0x00000000eaab0000)
  object space 349568K, 12% used [0x00000000c0000000,0x00000000c2b92590,0x00000000d5560000)
 PSPermGen       total 67520K, used 67505K [0x00000000b0000000, 0x00000000b41f0000, 0x00000000c0000000)
  object space 67520K, 99% used [0x00000000b0000000,0x00000000b41ec700,0x00000000b41f0000)
}
Event: 11.047 GC heap before
{Heap before GC invocations=6 (full 0):
 PSYoungGen      total 152896K, used 152893K [0x00000000eaab0000, 0x0000000100000000, 0x0000000100000000)
  eden space 131072K, 100% used [0x00000000eaab0000,0x00000000f2ab0000,0x00000000f2ab0000)
  from space 21824K, 99% used [0x00000000f2ab0000,0x00000000f3fff4c8,0x00000000f4000000)
  to   space 55360K, 0% used [0x00000000fc9f0000,0x00000000fc9f0000,0x0000000100000000)
 ParOldGen       total 349568K, used 44617K [0x00000000c0000000, 0x00000000d5560000, 0x00000000eaab0000)
  object space 349568K, 12% used [0x00000000c0000000,0x00000000c2b92590,0x00000000d5560000)
 PSPermGen       total 78080K, used 78024K [0x00000000b0000000, 0x00000000b4c40000, 0x00000000c0000000)
  object space 78080K, 99% used [0x00000000b0000000,0x00000000b4c322e0,0x00000000b4c40000)

