# JRE version: 7.0_21-b11
# Java VM: Java HotSpot(TM) 64-Bit Server VM (23.21-b01 mixed mode windows-amd64 compressed oops)
Heap
 PSYoungGen      total 244864K, used 244858K [0x00000000eaab0000, 0x0000000100000000, 0x0000000100000000)
  eden space 197952K, 100% used [0x00000000eaab0000,0x00000000f6c00000,0x00000000f6c00000)
  from space 46912K, 99% used [0x00000000fd230000,0x00000000ffffeb28,0x0000000100000000)
  to   space 75776K, 81% used [0x00000000f6c00000,0x00000000fa84c250,0x00000000fb600000)
 ParOldGen       total 349568K, used 71496K [0x00000000c0000000, 0x00000000d5560000, 0x00000000eaab0000)
  object space 349568K, 20% used [0x00000000c0000000,0x00000000c45d2368,0x00000000d5560000)
 PSPermGen       total 87872K, used 87811K [0x00000000b0000000, 0x00000000b55d0000, 0x00000000c0000000)
  object space 87872K, 99% used [0x00000000b0000000,0x00000000b55c0c70,0x00000000b55d0000)
GC Heap History (10 events):
Event: 2.966 GC heap after
Heap after GC invocations=2 (full 0):
 PSYoungGen      total 152896K, used 9271K [0x00000000eaab0000, 0x00000000f5550000, 0x0000000100000000)
  eden space 131072K, 0% used [0x00000000eaab0000,0x00000000eaab0000,0x00000000f2ab0000)
  from space 21824K, 42% used [0x00000000f4000000,0x00000000f490dfe0,0x00000000f5550000)
  to   space 21824K, 0% used [0x00000000f2ab0000,0x00000000f2ab0000,0x00000000f4000000)
 ParOldGen       total 349568K, used 16K [0x00000000c0000000, 0x00000000d5560000, 0x00000000eaab0000)
  object space 349568K, 0% used [0x00000000c0000000,0x00000000c0004000,0x00000000d5560000)
 PSPermGen       total 28928K, used 28748K [0x00000000b0000000, 0x00000000b1c40000, 0x00000000c0000000)
  object space 28928K, 99% used [0x00000000b0000000,0x00000000b1c13118,0x00000000b1c40000)
}
Event: 12.220 GC heap before
{Heap before GC invocations=3 (full 0):
 PSYoungGen      total 152896K, used 140343K [0x00000000eaab0000, 0x00000000f5550000, 0x0000000100000000)
  eden space 131072K, 100% used [0x00000000eaab0000,0x00000000f2ab0000,0x00000000f2ab0000)
  from space 21824K, 42% used [0x00000000f4000000,0x00000000f490dfe0,0x00000000f5550000)
  to   space 21824K, 0% used [0x00000000f2ab0000,0x00000000f2ab0000,0x00000000f4000000)
 ParOldGen       total 349568K, used 16K [0x00000000c0000000, 0x00000000d5560000, 0x00000000eaab0000)
  object space 349568K, 0% used [0x00000000c0000000,0x00000000c0004000,0x00000000d5560000)
 PSPermGen       total 40256K, used 40120K [0x00000000b0000000, 0x00000000b2750000, 0x00000000c0000000)
  object space 40256K, 99% used [0x00000000b0000000,0x00000000b272e1e8,0x00000000b2750000)
Event: 12.234 GC heap after
Heap after GC invocations=3 (full 0):
 PSYoungGen      total 152896K, used 15243K [0x00000000eaab0000, 0x00000000f5550000, 0x0000000100000000)
  eden space 131072K, 0% used [0x00000000eaab0000,0x00000000eaab0000,0x00000000f2ab0000)
  from space 21824K, 69% used [0x00000000f2ab0000,0x00000000f3992f00,0x00000000f4000000)
  to   space 21824K, 0% used [0x00000000f4000000,0x00000000f4000000,0x00000000f5550000)
 ParOldGen       total 349568K, used 24K [0x00000000c0000000, 0x00000000d5560000, 0x00000000eaab0000)
  object space 349568K, 0% used [0x00000000c0000000,0x00000000c0006000,0x00000000d5560000)
 PSPermGen       total 40256K, used 40120K [0x00000000b0000000, 0x00000000b2750000, 0x00000000c0000000)
  object space 40256K, 99% used [0x00000000b0000000,0x00000000b272e1e8,0x00000000b2750000)
}
Event: 13.523 GC heap before
{Heap before GC invocations=4 (full 0):
 PSYoungGen      total 152896K, used 146315K [0x00000000eaab0000, 0x00000000f5550000, 0x0000000100000000)
  eden space 131072K, 100% used [0x00000000eaab0000,0x00000000f2ab0000,0x00000000f2ab0000)
  from space 21824K, 69% used [0x00000000f2ab0000,0x00000000f3992f00,0x00000000f4000000)
  to   space 21824K, 0% used [0x00000000f4000000,0x00000000f4000000,0x00000000f5550000)
 ParOldGen       total 349568K, used 24K [0x00000000c0000000, 0x00000000d5560000, 0x00000000eaab0000)
  object space 349568K, 0% used [0x00000000c0000000,0x00000000c0006000,0x00000000d5560000)
 PSPermGen       total 55232K, used 55164K [0x00000000b0000000, 0x00000000b35f0000, 0x00000000c0000000)
  object space 55232K, 99% used [0x00000000b0000000,0x00000000b35df0e8,0x00000000b35f0000)
Event: 13.546 GC heap after
Heap after GC invocations=4 (full 0):
 PSYoungGen      total 152896K, used 21799K [0x00000000eaab0000, 0x00000000f5550000, 0x0000000100000000)
  eden space 131072K, 0% used [0x00000000eaab0000,0x00000000eaab0000,0x00000000f2ab0000)
  from space 21824K, 99% used [0x00000000f4000000,0x00000000f5549f88,0x00000000f5550000)
  to   space 21824K, 0% used [0x00000000f2ab0000,0x00000000f2ab0000,0x00000000f4000000)
 ParOldGen       total 349568K, used 14156K [0x00000000c0000000, 0x00000000d5560000, 0x00000000eaab0000)
  object space 349568K, 4% used [0x00000000c0000000,0x00000000c0dd3148,0x00000000d5560000)
 PSPermGen       total 55232K, used 55164K [0x00000000b0000000, 0x00000000b35f0000, 0x00000000c0000000)
  object space 55232K, 99% used [0x00000000b0000000,0x00000000b35df0e8,0x00000000b35f0000)
}
Event: 14.381 GC heap before
{Heap before GC invocations=5 (full 0):
 PSYoungGen      total 152896K, used 152871K [0x00000000eaab0000, 0x00000000f5550000, 0x0000000100000000)
  eden space 131072K, 100% used [0x00000000eaab0000,0x00000000f2ab0000,0x00000000f2ab0000)
  from space 21824K, 99% used [0x00000000f4000000,0x00000000f5549f88,0x00000000f5550000)
  to   space 21824K, 0% used [0x00000000f2ab0000,0x00000000f2ab0000,0x00000000f4000000)
 ParOldGen       total 349568K, used 14156K [0x00000000c0000000, 0x00000000d5560000, 0x00000000eaab0000)
  object space 349568K, 4% used [0x00000000c0000000,0x00000000c0dd3148,0x00000000d5560000)
 PSPermGen       total 65600K, used 65599K [0x00000000b0000000, 0x00000000b4010000, 0x00000000c0000000)
  object space 65600K, 99% used [0x00000000b0000000,0x00000000b400fdb0,0x00000000b4010000)
Event: 14.408 GC heap after
Heap after GC invocations=5 (full 0):
 PSYoungGen      total 152896K, used 21792K [0x00000000eaab0000, 0x0000000100000000, 0x0000000100000000)
  eden space 131072K, 0% used [0x00000000eaab0000,0x00000000eaab0000,0x00000000f2ab0000)
  from space 21824K, 99% used [0x00000000f2ab0000,0x00000000f3ff8070,0x00000000f4000000)
  to   space 46912K, 0% used [0x00000000fd230000,0x00000000fd230000,0x0000000100000000)
 ParOldGen       total 349568K, used 33018K [0x00000000c0000000, 0x00000000d5560000, 0x00000000eaab0000)
  object space 349568K, 9% used [0x00000000c0000000,0x00000000c203eb30,0x00000000d5560000)
 PSPermGen       total 65600K, used 65599K [0x00000000b0000000, 0x00000000b4010000, 0x00000000c0000000)
  object space 65600K, 99% used [0x00000000b0000000,0x00000000b400fdb0,0x00000000b4010000)
}
Event: 15.645 GC heap before
{Heap before GC invocations=6 (full 0):
 PSYoungGen      total 152896K, used 152864K [0x00000000eaab0000, 0x0000000100000000, 0x0000000100000000)
  eden space 131072K, 100% used [0x00000000eaab0000,0x00000000f2ab0000,0x00000000f2ab0000)
  from space 21824K, 99% used [0x00000000f2ab0000,0x00000000f3ff8070,0x00000000f4000000)
  to   space 46912K, 0% used [0x00000000fd230000,0x00000000fd230000,0x0000000100000000)
 ParOldGen       total 349568K, used 33018K [0x00000000c0000000, 0x00000000d5560000, 0x00000000eaab0000)
  object space 349568K, 9% used [0x00000000c0000000,0x00000000c203eb30,0x00000000d5560000)
 PSPermGen       total 75584K, used 75551K [0x00000000b0000000, 0x00000000b49d0000, 0x00000000c0000000)
  object space 75584K, 99% used [0x00000000b0000000,0x00000000b49c7fc8,0x00000000b49d0000)
Event: 15.696 GC heap after
Heap after GC invocations=6 (full 0):
 PSYoungGen      total 244864K, used 46906K [0x00000000eaab0000, 0x0000000100000000, 0x0000000100000000)
  eden space 197952K, 0% used [0x00000000eaab0000,0x00000000eaab0000,0x00000000f6c00000)
  from space 46912K, 99% used [0x00000000fd230000,0x00000000ffffeb28,0x0000000100000000)
  to   space 75776K, 0% used [0x00000000f6c00000,0x00000000f6c00000,0x00000000fb600000)
 ParOldGen       total 349568K, used 67353K [0x00000000c0000000, 0x00000000d5560000, 0x00000000eaab0000)
  object space 349568K, 19% used [0x00000000c0000000,0x00000000c41c6790,0x00000000d5560000)
 PSPermGen       total 75584K, used 75551K [0x00000000b0000000, 0x00000000b49d0000, 0x00000000c0000000)
  object space 75584K, 99% used [0x00000000b0000000,0x00000000b49c7fc8,0x00000000b49d0000)
}
Event: 21.836 GC heap before
{Heap before GC invocations=7 (full 0):
 PSYoungGen      total 244864K, used 244858K [0x00000000eaab0000, 0x0000000100000000, 0x0000000100000000)
  eden space 197952K, 100% used [0x00000000eaab0000,0x00000000f6c00000,0x00000000f6c00000)
  from space 46912K, 99% used [0x00000000fd230000,0x00000000ffffeb28,0x0000000100000000)
  to   space 75776K, 0% used [0x00000000f6c00000,0x00000000f6c00000,0x00000000fb600000)
 ParOldGen       total 349568K, used 67353K [0x00000000c0000000, 0x00000000d5560000, 0x00000000eaab0000)
  object space 349568K, 19% used [0x00000000c0000000,0x00000000c41c6790,0x00000000d5560000)
 PSPermGen       total 87872K, used 87811K [0x00000000b0000000, 0x00000000b55d0000, 0x00000000c0000000)
  object space 87872K, 99% used [0x00000000b0000000,0x00000000b55c0c70,0x00000000b55d0000)

