# JRE version: 7.0_21-b11
# Java VM: Java HotSpot(TM) 64-Bit Server VM (23.21-b01 mixed mode windows-amd64 compressed oops)
Heap
 PSYoungGen      total 249152K, used 43846K [0x00000000eaab0000, 0x00000000ff940000, 0x0000000100000000)
  eden space 162944K, 0% used [0x00000000eaab0000,0x00000000eaab0000,0x00000000f49d0000)
  from space 86208K, 50% used [0x00000000f9d20000,0x00000000fc7f1888,0x00000000ff150000)
  to   space 85312K, 0% used [0x00000000f49d0000,0x00000000f49d0000,0x00000000f9d20000)
 ParOldGen       total 383360K, used 364849K [0x00000000c0000000, 0x00000000d7660000, 0x00000000eaab0000)
  object space 383360K, 95% used [0x00000000c0000000,0x00000000d644c490,0x00000000d7660000)
 PSPermGen       total 225600K, used 112090K [0x00000000b0000000, 0x00000000bdc50000, 0x00000000c0000000)
  object space 225600K, 49% used [0x00000000b0000000,0x00000000b6d76b30,0x00000000bdc50000)
GC Heap History (10 events):
Event: 45.688 GC heap after
Heap after GC invocations=21 (full 1):
 PSYoungGen      total 233536K, used 22656K [0x00000000eaab0000, 0x0000000100000000, 0x0000000100000000)
  eden space 127552K, 0% used [0x00000000eaab0000,0x00000000eaab0000,0x00000000f2740000)
  from space 105984K, 21% used [0x00000000f89f0000,0x00000000fa010000,0x00000000ff170000)
  to   space 101056K, 0% used [0x00000000f2740000,0x00000000f2740000,0x00000000f89f0000)
 ParOldGen       total 383360K, used 265751K [0x00000000c0000000, 0x00000000d7660000, 0x00000000eaab0000)
  object space 383360K, 69% used [0x00000000c0000000,0x00000000d0385f70,0x00000000d7660000)
 PSPermGen       total 225600K, used 112031K [0x00000000b0000000, 0x00000000bdc50000, 0x00000000c0000000)
  object space 225600K, 49% used [0x00000000b0000000,0x00000000b6d67d00,0x00000000bdc50000)
}
Event: 45.827 GC heap before
{Heap before GC invocations=22 (full 1):
 PSYoungGen      total 233536K, used 150208K [0x00000000eaab0000, 0x0000000100000000, 0x0000000100000000)
  eden space 127552K, 100% used [0x00000000eaab0000,0x00000000f2740000,0x00000000f2740000)
  from space 105984K, 21% used [0x00000000f89f0000,0x00000000fa010000,0x00000000ff170000)
  to   space 101056K, 0% used [0x00000000f2740000,0x00000000f2740000,0x00000000f89f0000)
 ParOldGen       total 383360K, used 265751K [0x00000000c0000000, 0x00000000d7660000, 0x00000000eaab0000)
  object space 383360K, 69% used [0x00000000c0000000,0x00000000d0385f70,0x00000000d7660000)
 PSPermGen       total 225600K, used 112031K [0x00000000b0000000, 0x00000000bdc50000, 0x00000000c0000000)
  object space 225600K, 49% used [0x00000000b0000000,0x00000000b6d67d00,0x00000000bdc50000)
Event: 45.855 GC heap after
Heap after GC invocations=22 (full 1):
 PSYoungGen      total 228608K, used 23449K [0x00000000eaab0000, 0x00000000ff190000, 0x0000000100000000)
  eden space 127552K, 0% used [0x00000000eaab0000,0x00000000eaab0000,0x00000000f2740000)
  from space 101056K, 23% used [0x00000000f2740000,0x00000000f3e26520,0x00000000f89f0000)
  to   space 96128K, 0% used [0x00000000f93b0000,0x00000000f93b0000,0x00000000ff190000)
 ParOldGen       total 383360K, used 288807K [0x00000000c0000000, 0x00000000d7660000, 0x00000000eaab0000)
  object space 383360K, 75% used [0x00000000c0000000,0x00000000d1a09f70,0x00000000d7660000)
 PSPermGen       total 225600K, used 112031K [0x00000000b0000000, 0x00000000bdc50000, 0x00000000c0000000)
  object space 225600K, 49% used [0x00000000b0000000,0x00000000b6d67d00,0x00000000bdc50000)
}
Event: 45.994 GC heap before
{Heap before GC invocations=23 (full 1):
 PSYoungGen      total 228608K, used 151001K [0x00000000eaab0000, 0x00000000ff190000, 0x0000000100000000)
  eden space 127552K, 100% used [0x00000000eaab0000,0x00000000f2740000,0x00000000f2740000)
  from space 101056K, 23% used [0x00000000f2740000,0x00000000f3e26520,0x00000000f89f0000)
  to   space 96128K, 0% used [0x00000000f93b0000,0x00000000f93b0000,0x00000000ff190000)
 ParOldGen       total 383360K, used 288807K [0x00000000c0000000, 0x00000000d7660000, 0x00000000eaab0000)
  object space 383360K, 75% used [0x00000000c0000000,0x00000000d1a09f70,0x00000000d7660000)
 PSPermGen       total 225600K, used 112031K [0x00000000b0000000, 0x00000000bdc50000, 0x00000000c0000000)
  object space 225600K, 49% used [0x00000000b0000000,0x00000000b6d67f98,0x00000000bdc50000)
Event: 46.021 GC heap after
Heap after GC invocations=23 (full 1):
 PSYoungGen      total 243392K, used 23744K [0x00000000eaab0000, 0x00000000ff1d0000, 0x0000000100000000)
  eden space 147264K, 0% used [0x00000000eaab0000,0x00000000eaab0000,0x00000000f3a80000)
  from space 96128K, 24% used [0x00000000f93b0000,0x00000000faae0000,0x00000000ff190000)
  to   space 91328K, 0% used [0x00000000f3a80000,0x00000000f3a80000,0x00000000f93b0000)
 ParOldGen       total 383360K, used 312737K [0x00000000c0000000, 0x00000000d7660000, 0x00000000eaab0000)
  object space 383360K, 81% used [0x00000000c0000000,0x00000000d3168490,0x00000000d7660000)
 PSPermGen       total 225600K, used 112031K [0x00000000b0000000, 0x00000000bdc50000, 0x00000000c0000000)
  object space 225600K, 49% used [0x00000000b0000000,0x00000000b6d67f98,0x00000000bdc50000)
}
Event: 46.181 GC heap before
{Heap before GC invocations=24 (full 1):
 PSYoungGen      total 243392K, used 171008K [0x00000000eaab0000, 0x00000000ff1d0000, 0x0000000100000000)
  eden space 147264K, 100% used [0x00000000eaab0000,0x00000000f3a80000,0x00000000f3a80000)
  from space 96128K, 24% used [0x00000000f93b0000,0x00000000faae0000,0x00000000ff190000)
  to   space 91328K, 0% used [0x00000000f3a80000,0x00000000f3a80000,0x00000000f93b0000)
 ParOldGen       total 383360K, used 312737K [0x00000000c0000000, 0x00000000d7660000, 0x00000000eaab0000)
  object space 383360K, 81% used [0x00000000c0000000,0x00000000d3168490,0x00000000d7660000)
 PSPermGen       total 225600K, used 112031K [0x00000000b0000000, 0x00000000bdc50000, 0x00000000c0000000)
  object space 225600K, 49% used [0x00000000b0000000,0x00000000b6d67f98,0x00000000bdc50000)
Event: 46.214 GC heap after
Heap after GC invocations=24 (full 1):
 PSYoungGen      total 238592K, used 27424K [0x00000000eaab0000, 0x00000000ff150000, 0x0000000100000000)
  eden space 147264K, 0% used [0x00000000eaab0000,0x00000000eaab0000,0x00000000f3a80000)
  from space 91328K, 30% used [0x00000000f3a80000,0x00000000f5548000,0x00000000f93b0000)
  to   space 86208K, 0% used [0x00000000f9d20000,0x00000000f9d20000,0x00000000ff150000)
 ParOldGen       total 383360K, used 336913K [0x00000000c0000000, 0x00000000d7660000, 0x00000000eaab0000)
  object space 383360K, 87% used [0x00000000c0000000,0x00000000d4904490,0x00000000d7660000)
 PSPermGen       total 225600K, used 112031K [0x00000000b0000000, 0x00000000bdc50000, 0x00000000c0000000)
  object space 225600K, 49% used [0x00000000b0000000,0x00000000b6d67f98,0x00000000bdc50000)
}
Event: 46.868 GC heap before
{Heap before GC invocations=25 (full 1):
 PSYoungGen      total 238592K, used 174688K [0x00000000eaab0000, 0x00000000ff150000, 0x0000000100000000)
  eden space 147264K, 100% used [0x00000000eaab0000,0x00000000f3a80000,0x00000000f3a80000)
  from space 91328K, 30% used [0x00000000f3a80000,0x00000000f5548000,0x00000000f93b0000)
  to   space 86208K, 0% used [0x00000000f9d20000,0x00000000f9d20000,0x00000000ff150000)
 ParOldGen       total 383360K, used 336913K [0x00000000c0000000, 0x00000000d7660000, 0x00000000eaab0000)
  object space 383360K, 87% used [0x00000000c0000000,0x00000000d4904490,0x00000000d7660000)
 PSPermGen       total 225600K, used 112090K [0x00000000b0000000, 0x00000000bdc50000, 0x00000000c0000000)
  object space 225600K, 49% used [0x00000000b0000000,0x00000000b6d76b30,0x00000000bdc50000)
Event: 46.933 GC heap after
Heap after GC invocations=25 (full 1):
 PSYoungGen      total 249152K, used 43846K [0x00000000eaab0000, 0x00000000ff940000, 0x0000000100000000)
  eden space 162944K, 0% used [0x00000000eaab0000,0x00000000eaab0000,0x00000000f49d0000)
  from space 86208K, 50% used [0x00000000f9d20000,0x00000000fc7f1888,0x00000000ff150000)
  to   space 85312K, 0% used [0x00000000f49d0000,0x00000000f49d0000,0x00000000f9d20000)
 ParOldGen       total 383360K, used 364849K [0x00000000c0000000, 0x00000000d7660000, 0x00000000eaab0000)
  object space 383360K, 95% used [0x00000000c0000000,0x00000000d644c490,0x00000000d7660000)
 PSPermGen       total 225600K, used 112090K [0x00000000b0000000, 0x00000000bdc50000, 0x00000000c0000000)
  object space 225600K, 49% used [0x00000000b0000000,0x00000000b6d76b30,0x00000000bdc50000)
}
Event: 46.933 GC heap before
{Heap before GC invocations=26 (full 2):
 PSYoungGen      total 249152K, used 43846K [0x00000000eaab0000, 0x00000000ff940000, 0x0000000100000000)
  eden space 162944K, 0% used [0x00000000eaab0000,0x00000000eaab0000,0x00000000f49d0000)
  from space 86208K, 50% used [0x00000000f9d20000,0x00000000fc7f1888,0x00000000ff150000)
  to   space 85312K, 0% used [0x00000000f49d0000,0x00000000f49d0000,0x00000000f9d20000)
 ParOldGen       total 383360K, used 364849K [0x00000000c0000000, 0x00000000d7660000, 0x00000000eaab0000)
  object space 383360K, 95% used [0x00000000c0000000,0x00000000d644c490,0x00000000d7660000)
 PSPermGen       total 225600K, used 112090K [0x00000000b0000000, 0x00000000bdc50000, 0x00000000c0000000)
  object space 225600K, 49% used [0x00000000b0000000,0x00000000b6d76b30,0x00000000bdc50000)

