# JRE version: 7.0_21-b11
# Java VM: Java HotSpot(TM) 64-Bit Server VM (23.21-b01 mixed mode windows-amd64 compressed oops)
Heap
 PSYoungGen      total 255488K, used 105856K [0x00000000eaab0000, 0x00000000ff560000, 0x0000000100000000)
  eden space 173376K, 41% used [0x00000000eaab0000,0x00000000ef1c3788,0x00000000f5400000)
  from space 82112K, 40% used [0x00000000f5400000,0x00000000f744c970,0x00000000fa430000)
  to   space 78528K, 0% used [0x00000000fa8b0000,0x00000000fa8b0000,0x00000000ff560000)
 ParOldGen       total 349568K, used 131213K [0x00000000c0000000, 0x00000000d5560000, 0x00000000eaab0000)
  object space 349568K, 37% used [0x00000000c0000000,0x00000000c8023658,0x00000000d5560000)
 PSPermGen       total 126208K, used 62720K [0x00000000b0000000, 0x00000000b7b40000, 0x00000000c0000000)
  object space 126208K, 49% used [0x00000000b0000000,0x00000000b3d400d0,0x00000000b7b40000)
GC Heap History (10 events):
Event: 13.989 GC heap before
{Heap before GC invocations=16 (full 0):
 PSYoungGen      total 250688K, used 224614K [0x00000000eaab0000, 0x0000000100000000, 0x0000000100000000)
  eden space 161920K, 100% used [0x00000000eaab0000,0x00000000f48d0000,0x00000000f48d0000)
  from space 88768K, 70% used [0x00000000f48d0000,0x00000000f8609898,0x00000000f9f80000)
  to   space 92928K, 0% used [0x00000000fa540000,0x00000000fa540000,0x0000000100000000)
 ParOldGen       total 349568K, used 293264K [0x00000000c0000000, 0x00000000d5560000, 0x00000000eaab0000)
  object space 349568K, 83% used [0x00000000c0000000,0x00000000d1e64090,0x00000000d5560000)
 PSPermGen       total 63104K, used 62982K [0x00000000b0000000, 0x00000000b3da0000, 0x00000000c0000000)
  object space 63104K, 99% used [0x00000000b0000000,0x00000000b3d81a98,0x00000000b3da0000)
Event: 14.025 GC heap after
Heap after GC invocations=16 (full 0):
 PSYoungGen      total 257344K, used 29120K [0x00000000eaab0000, 0x00000000ffd70000, 0x0000000100000000)
  eden space 167040K, 0% used [0x00000000eaab0000,0x00000000eaab0000,0x00000000f4dd0000)
  from space 90304K, 32% used [0x00000000fa540000,0x00000000fc1b0060,0x00000000ffd70000)
  to   space 89536K, 0% used [0x00000000f4dd0000,0x00000000f4dd0000,0x00000000fa540000)
 ParOldGen       total 349568K, used 316824K [0x00000000c0000000, 0x00000000d5560000, 0x00000000eaab0000)
  object space 349568K, 90% used [0x00000000c0000000,0x00000000d35660a0,0x00000000d5560000)
 PSPermGen       total 63104K, used 62982K [0x00000000b0000000, 0x00000000b3da0000, 0x00000000c0000000)
  object space 63104K, 99% used [0x00000000b0000000,0x00000000b3d81a98,0x00000000b3da0000)
}
Event: 14.025 GC heap before
{Heap before GC invocations=17 (full 1):
 PSYoungGen      total 257344K, used 29120K [0x00000000eaab0000, 0x00000000ffd70000, 0x0000000100000000)
  eden space 167040K, 0% used [0x00000000eaab0000,0x00000000eaab0000,0x00000000f4dd0000)
  from space 90304K, 32% used [0x00000000fa540000,0x00000000fc1b0060,0x00000000ffd70000)
  to   space 89536K, 0% used [0x00000000f4dd0000,0x00000000f4dd0000,0x00000000fa540000)
 ParOldGen       total 349568K, used 316824K [0x00000000c0000000, 0x00000000d5560000, 0x00000000eaab0000)
  object space 349568K, 90% used [0x00000000c0000000,0x00000000d35660a0,0x00000000d5560000)
 PSPermGen       total 63104K, used 62982K [0x00000000b0000000, 0x00000000b3da0000, 0x00000000c0000000)
  object space 63104K, 99% used [0x00000000b0000000,0x00000000b3d81a98,0x00000000b3da0000)
Event: 14.322 GC heap after
Heap after GC invocations=17 (full 1):
 PSYoungGen      total 257344K, used 0K [0x00000000eaab0000, 0x00000000ffd70000, 0x0000000100000000)
  eden space 167040K, 0% used [0x00000000eaab0000,0x00000000eaab0000,0x00000000f4dd0000)
  from space 90304K, 0% used [0x00000000fa540000,0x00000000fa540000,0x00000000ffd70000)
  to   space 89536K, 0% used [0x00000000f4dd0000,0x00000000f4dd0000,0x00000000fa540000)
 ParOldGen       total 349568K, used 66133K [0x00000000c0000000, 0x00000000d5560000, 0x00000000eaab0000)
  object space 349568K, 18% used [0x00000000c0000000,0x00000000c4095658,0x00000000d5560000)
 PSPermGen       total 126208K, used 62707K [0x00000000b0000000, 0x00000000b7b40000, 0x00000000c0000000)
  object space 126208K, 49% used [0x00000000b0000000,0x00000000b3d3ce80,0x00000000b7b40000)
}
Event: 14.472 GC heap before
{Heap before GC invocations=18 (full 1):
 PSYoungGen      total 257344K, used 167040K [0x00000000eaab0000, 0x00000000ffd70000, 0x0000000100000000)
  eden space 167040K, 100% used [0x00000000eaab0000,0x00000000f4dd0000,0x00000000f4dd0000)
  from space 90304K, 0% used [0x00000000fa540000,0x00000000fa540000,0x00000000ffd70000)
  to   space 89536K, 0% used [0x00000000f4dd0000,0x00000000f4dd0000,0x00000000fa540000)
 ParOldGen       total 349568K, used 66133K [0x00000000c0000000, 0x00000000d5560000, 0x00000000eaab0000)
  object space 349568K, 18% used [0x00000000c0000000,0x00000000c4095658,0x00000000d5560000)
 PSPermGen       total 126208K, used 62707K [0x00000000b0000000, 0x00000000b7b40000, 0x00000000c0000000)
  object space 126208K, 49% used [0x00000000b0000000,0x00000000b3d3ce80,0x00000000b7b40000)
Event: 14.489 GC heap after
Heap after GC invocations=18 (full 1):
 PSYoungGen      total 198784K, used 31684K [0x00000000eaab0000, 0x00000000ff800000, 0x0000000100000000)
  eden space 167040K, 0% used [0x00000000eaab0000,0x00000000eaab0000,0x00000000f4dd0000)
  from space 31744K, 99% used [0x00000000f4dd0000,0x00000000f6cc1278,0x00000000f6cd0000)
  to   space 85824K, 0% used [0x00000000fa430000,0x00000000fa430000,0x00000000ff800000)
 ParOldGen       total 349568K, used 66133K [0x00000000c0000000, 0x00000000d5560000, 0x00000000eaab0000)
  object space 349568K, 18% used [0x00000000c0000000,0x00000000c4095658,0x00000000d5560000)
 PSPermGen       total 126208K, used 62707K [0x00000000b0000000, 0x00000000b7b40000, 0x00000000c0000000)
  object space 126208K, 49% used [0x00000000b0000000,0x00000000b3d3ce80,0x00000000b7b40000)
}
Event: 14.639 GC heap before
{Heap before GC invocations=19 (full 1):
 PSYoungGen      total 198784K, used 198724K [0x00000000eaab0000, 0x00000000ff800000, 0x0000000100000000)
  eden space 167040K, 100% used [0x00000000eaab0000,0x00000000f4dd0000,0x00000000f4dd0000)
  from space 31744K, 99% used [0x00000000f4dd0000,0x00000000f6cc1278,0x00000000f6cd0000)
  to   space 85824K, 0% used [0x00000000fa430000,0x00000000fa430000,0x00000000ff800000)
 ParOldGen       total 349568K, used 66133K [0x00000000c0000000, 0x00000000d5560000, 0x00000000eaab0000)
  object space 349568K, 18% used [0x00000000c0000000,0x00000000c4095658,0x00000000d5560000)
 PSPermGen       total 126208K, used 62707K [0x00000000b0000000, 0x00000000b7b40000, 0x00000000c0000000)
  object space 126208K, 49% used [0x00000000b0000000,0x00000000b3d3ce80,0x00000000b7b40000)
Event: 14.681 GC heap after
Heap after GC invocations=19 (full 1):
 PSYoungGen      total 259200K, used 32246K [0x00000000eaab0000, 0x0000000100000000, 0x0000000100000000)
  eden space 173376K, 0% used [0x00000000eaab0000,0x00000000eaab0000,0x00000000f5400000)
  from space 85824K, 37% used [0x00000000fa430000,0x00000000fc3adba8,0x00000000ff800000)
  to   space 82112K, 0% used [0x00000000f5400000,0x00000000f5400000,0x00000000fa430000)
 ParOldGen       total 349568K, used 98349K [0x00000000c0000000, 0x00000000d5560000, 0x00000000eaab0000)
  object space 349568K, 28% used [0x00000000c0000000,0x00000000c600b658,0x00000000d5560000)
 PSPermGen       total 126208K, used 62707K [0x00000000b0000000, 0x00000000b7b40000, 0x00000000c0000000)
  object space 126208K, 49% used [0x00000000b0000000,0x00000000b3d3ce80,0x00000000b7b40000)
}
Event: 14.838 GC heap before
{Heap before GC invocations=20 (full 1):
 PSYoungGen      total 259200K, used 205622K [0x00000000eaab0000, 0x0000000100000000, 0x0000000100000000)
  eden space 173376K, 100% used [0x00000000eaab0000,0x00000000f5400000,0x00000000f5400000)
  from space 85824K, 37% used [0x00000000fa430000,0x00000000fc3adba8,0x00000000ff800000)
  to   space 82112K, 0% used [0x00000000f5400000,0x00000000f5400000,0x00000000fa430000)
 ParOldGen       total 349568K, used 98349K [0x00000000c0000000, 0x00000000d5560000, 0x00000000eaab0000)
  object space 349568K, 28% used [0x00000000c0000000,0x00000000c600b658,0x00000000d5560000)
 PSPermGen       total 126208K, used 62707K [0x00000000b0000000, 0x00000000b7b40000, 0x00000000c0000000)
  object space 126208K, 49% used [0x00000000b0000000,0x00000000b3d3ce80,0x00000000b7b40000)
Event: 14.880 GC heap after
Heap after GC invocations=20 (full 1):
 PSYoungGen      total 255488K, used 33074K [0x00000000eaab0000, 0x00000000ff560000, 0x0000000100000000)
  eden space 173376K, 0% used [0x00000000eaab0000,0x00000000eaab0000,0x00000000f5400000)
  from space 82112K, 40% used [0x00000000f5400000,0x00000000f744c970,0x00000000fa430000)
  to   space 78528K, 0% used [0x00000000fa8b0000,0x00000000fa8b0000,0x00000000ff560000)
 ParOldGen       total 349568K, used 131213K [0x00000000c0000000, 0x00000000d5560000, 0x00000000eaab0000)
  object space 349568K, 37% used [0x00000000c0000000,0x00000000c8023658,0x00000000d5560000)
 PSPermGen       total 126208K, used 62707K [0x00000000b0000000, 0x00000000b7b40000, 0x00000000c0000000)
  object space 126208K, 49% used [0x00000000b0000000,0x00000000b3d3ce80,0x00000000b7b40000)
}

