# JRE version: 7.0_21-b11
# Java VM: Java HotSpot(TM) 64-Bit Server VM (23.21-b01 mixed mode windows-amd64 compressed oops)
Heap
 PSYoungGen      total 256064K, used 178117K [0x00000000eaab0000, 0x00000000fffe0000, 0x0000000100000000)
  eden space 163136K, 66% used [0x00000000eaab0000,0x00000000f13db350,0x00000000f4a00000)
  from space 92928K, 75% used [0x00000000f4a00000,0x00000000f8ec6280,0x00000000fa4c0000)
  to   space 92992K, 0% used [0x00000000fa510000,0x00000000fa510000,0x00000000fffe0000)
 ParOldGen       total 442240K, used 179842K [0x00000000c0000000, 0x00000000dafe0000, 0x00000000eaab0000)
  object space 442240K, 40% used [0x00000000c0000000,0x00000000cafa0990,0x00000000dafe0000)
 PSPermGen       total 244672K, used 149993K [0x00000000b0000000, 0x00000000beef0000, 0x00000000c0000000)
  object space 244672K, 61% used [0x00000000b0000000,0x00000000b927a7a0,0x00000000beef0000)
GC Heap History (10 events):
Event: 2254.613 GC heap before
{Heap before GC invocations=77 (full 2):
 PSYoungGen      total 249472K, used 211864K [0x00000000eaab0000, 0x00000000ffb50000, 0x0000000100000000)
  eden space 158720K, 100% used [0x00000000eaab0000,0x00000000f45b0000,0x00000000f45b0000)
  from space 90752K, 58% used [0x00000000fa2b0000,0x00000000fd6962e8,0x00000000ffb50000)
  to   space 92992K, 0% used [0x00000000f45b0000,0x00000000f45b0000,0x00000000fa080000)
 ParOldGen       total 442240K, used 178720K [0x00000000c0000000, 0x00000000dafe0000, 0x00000000eaab0000)
  object space 442240K, 40% used [0x00000000c0000000,0x00000000cae881f0,0x00000000dafe0000)
 PSPermGen       total 244672K, used 149065K [0x00000000b0000000, 0x00000000beef0000, 0x00000000c0000000)
  object space 244672K, 60% used [0x00000000b0000000,0x00000000b91927b0,0x00000000beef0000)
Event: 2254.650 GC heap after
Heap after GC invocations=77 (full 2):
 PSYoungGen      total 251712K, used 68762K [0x00000000eaab0000, 0x00000000ffe10000, 0x0000000100000000)
  eden space 158720K, 0% used [0x00000000eaab0000,0x00000000eaab0000,0x00000000f45b0000)
  from space 92992K, 73% used [0x00000000f45b0000,0x00000000f88d68d0,0x00000000fa080000)
  to   space 92480K, 0% used [0x00000000fa3c0000,0x00000000fa3c0000,0x00000000ffe10000)
 ParOldGen       total 442240K, used 178752K [0x00000000c0000000, 0x00000000dafe0000, 0x00000000eaab0000)
  object space 442240K, 40% used [0x00000000c0000000,0x00000000cae901f0,0x00000000dafe0000)
 PSPermGen       total 244672K, used 149065K [0x00000000b0000000, 0x00000000beef0000, 0x00000000c0000000)
  object space 244672K, 60% used [0x00000000b0000000,0x00000000b91927b0,0x00000000beef0000)
}
Event: 2265.707 GC heap before
{Heap before GC invocations=78 (full 2):
 PSYoungGen      total 251712K, used 227482K [0x00000000eaab0000, 0x00000000ffe10000, 0x0000000100000000)
  eden space 158720K, 100% used [0x00000000eaab0000,0x00000000f45b0000,0x00000000f45b0000)
  from space 92992K, 73% used [0x00000000f45b0000,0x00000000f88d68d0,0x00000000fa080000)
  to   space 92480K, 0% used [0x00000000fa3c0000,0x00000000fa3c0000,0x00000000ffe10000)
 ParOldGen       total 442240K, used 178752K [0x00000000c0000000, 0x00000000dafe0000, 0x00000000eaab0000)
  object space 442240K, 40% used [0x00000000c0000000,0x00000000cae901f0,0x00000000dafe0000)
 PSPermGen       total 244672K, used 149070K [0x00000000b0000000, 0x00000000beef0000, 0x00000000c0000000)
  object space 244672K, 60% used [0x00000000b0000000,0x00000000b9193848,0x00000000beef0000)
Event: 2265.753 GC heap after
Heap after GC invocations=78 (full 2):
 PSYoungGen      total 254400K, used 71215K [0x00000000eaab0000, 0x00000000ffdf0000, 0x0000000100000000)
  eden space 162048K, 0% used [0x00000000eaab0000,0x00000000eaab0000,0x00000000f48f0000)
  from space 92352K, 77% used [0x00000000fa3c0000,0x00000000fe94bca8,0x00000000ffdf0000)
  to   space 92672K, 0% used [0x00000000f48f0000,0x00000000f48f0000,0x00000000fa370000)
 ParOldGen       total 442240K, used 178832K [0x00000000c0000000, 0x00000000dafe0000, 0x00000000eaab0000)
  object space 442240K, 40% used [0x00000000c0000000,0x00000000caea41f0,0x00000000dafe0000)
 PSPermGen       total 244672K, used 149070K [0x00000000b0000000, 0x00000000beef0000, 0x00000000c0000000)
  object space 244672K, 60% used [0x00000000b0000000,0x00000000b9193848,0x00000000beef0000)
}
Event: 2382.369 GC heap before
{Heap before GC invocations=79 (full 2):
 PSYoungGen      total 254400K, used 233263K [0x00000000eaab0000, 0x00000000ffdf0000, 0x0000000100000000)
  eden space 162048K, 100% used [0x00000000eaab0000,0x00000000f48f0000,0x00000000f48f0000)
  from space 92352K, 77% used [0x00000000fa3c0000,0x00000000fe94bca8,0x00000000ffdf0000)
  to   space 92672K, 0% used [0x00000000f48f0000,0x00000000f48f0000,0x00000000fa370000)
 ParOldGen       total 442240K, used 178832K [0x00000000c0000000, 0x00000000dafe0000, 0x00000000eaab0000)
  object space 442240K, 40% used [0x00000000c0000000,0x00000000caea41f0,0x00000000dafe0000)
 PSPermGen       total 244672K, used 149257K [0x00000000b0000000, 0x00000000beef0000, 0x00000000c0000000)
  object space 244672K, 61% used [0x00000000b0000000,0x00000000b91c2578,0x00000000beef0000)
Event: 2382.398 GC heap after
Heap after GC invocations=79 (full 2):
 PSYoungGen      total 254720K, used 41897K [0x00000000eaab0000, 0x0000000100000000, 0x0000000100000000)
  eden space 162048K, 0% used [0x00000000eaab0000,0x00000000eaab0000,0x00000000f48f0000)
  from space 92672K, 45% used [0x00000000f48f0000,0x00000000f71da748,0x00000000fa370000)
  to   space 93440K, 0% used [0x00000000fa4c0000,0x00000000fa4c0000,0x0000000100000000)
 ParOldGen       total 442240K, used 179594K [0x00000000c0000000, 0x00000000dafe0000, 0x00000000eaab0000)
  object space 442240K, 40% used [0x00000000c0000000,0x00000000caf62990,0x00000000dafe0000)
 PSPermGen       total 244672K, used 149257K [0x00000000b0000000, 0x00000000beef0000, 0x00000000c0000000)
  object space 244672K, 61% used [0x00000000b0000000,0x00000000b91c2578,0x00000000beef0000)
}
Event: 2389.516 GC heap before
{Heap before GC invocations=80 (full 2):
 PSYoungGen      total 254720K, used 203945K [0x00000000eaab0000, 0x0000000100000000, 0x0000000100000000)
  eden space 162048K, 100% used [0x00000000eaab0000,0x00000000f48f0000,0x00000000f48f0000)
  from space 92672K, 45% used [0x00000000f48f0000,0x00000000f71da748,0x00000000fa370000)
  to   space 93440K, 0% used [0x00000000fa4c0000,0x00000000fa4c0000,0x0000000100000000)
 ParOldGen       total 442240K, used 179594K [0x00000000c0000000, 0x00000000dafe0000, 0x00000000eaab0000)
  object space 442240K, 40% used [0x00000000c0000000,0x00000000caf62990,0x00000000dafe0000)
 PSPermGen       total 244672K, used 149991K [0x00000000b0000000, 0x00000000beef0000, 0x00000000c0000000)
  object space 244672K, 61% used [0x00000000b0000000,0x00000000b9279c40,0x00000000beef0000)
Event: 2389.556 GC heap after
Heap after GC invocations=80 (full 2):
 PSYoungGen      total 256320K, used 68591K [0x00000000eaab0000, 0x00000000fffc0000, 0x0000000100000000)
  eden space 163136K, 0% used [0x00000000eaab0000,0x00000000eaab0000,0x00000000f4a00000)
  from space 93184K, 73% used [0x00000000fa4c0000,0x00000000fe7bbf68,0x00000000fffc0000)
  to   space 92928K, 0% used [0x00000000f4a00000,0x00000000f4a00000,0x00000000fa4c0000)
 ParOldGen       total 442240K, used 179658K [0x00000000c0000000, 0x00000000dafe0000, 0x00000000eaab0000)
  object space 442240K, 40% used [0x00000000c0000000,0x00000000caf72990,0x00000000dafe0000)
 PSPermGen       total 244672K, used 149991K [0x00000000b0000000, 0x00000000beef0000, 0x00000000c0000000)
  object space 244672K, 61% used [0x00000000b0000000,0x00000000b9279c40,0x00000000beef0000)
}
Event: 2402.288 GC heap before
{Heap before GC invocations=81 (full 2):
 PSYoungGen      total 256320K, used 231727K [0x00000000eaab0000, 0x00000000fffc0000, 0x0000000100000000)
  eden space 163136K, 100% used [0x00000000eaab0000,0x00000000f4a00000,0x00000000f4a00000)
  from space 93184K, 73% used [0x00000000fa4c0000,0x00000000fe7bbf68,0x00000000fffc0000)
  to   space 92928K, 0% used [0x00000000f4a00000,0x00000000f4a00000,0x00000000fa4c0000)
 ParOldGen       total 442240K, used 179658K [0x00000000c0000000, 0x00000000dafe0000, 0x00000000eaab0000)
  object space 442240K, 40% used [0x00000000c0000000,0x00000000caf72990,0x00000000dafe0000)
 PSPermGen       total 244672K, used 149992K [0x00000000b0000000, 0x00000000beef0000, 0x00000000c0000000)
  object space 244672K, 61% used [0x00000000b0000000,0x00000000b927a388,0x00000000beef0000)
Event: 2402.333 GC heap after
Heap after GC invocations=81 (full 2):
 PSYoungGen      total 256064K, used 70424K [0x00000000eaab0000, 0x00000000fffe0000, 0x0000000100000000)
  eden space 163136K, 0% used [0x00000000eaab0000,0x00000000eaab0000,0x00000000f4a00000)
  from space 92928K, 75% used [0x00000000f4a00000,0x00000000f8ec6280,0x00000000fa4c0000)
  to   space 92992K, 0% used [0x00000000fa510000,0x00000000fa510000,0x00000000fffe0000)
 ParOldGen       total 442240K, used 179842K [0x00000000c0000000, 0x00000000dafe0000, 0x00000000eaab0000)
  object space 442240K, 40% used [0x00000000c0000000,0x00000000cafa0990,0x00000000dafe0000)
 PSPermGen       total 244672K, used 149992K [0x00000000b0000000, 0x00000000beef0000, 0x00000000c0000000)
  object space 244672K, 61% used [0x00000000b0000000,0x00000000b927a388,0x00000000beef0000)
}

